Running rv32ui-p-lui.hex..
TRACE          0: IF: instr=0x83886191, PC=0x80000000 (#0)
TRACE          1: ID: JAL x0, 0x50, alu_op=ADD, br_op=JAL, exe_flags={use_rd=1, use_rs1=0, use_rs2=0, use_imm=1, is_load=0, is_store=0, is_csr=0, is_exit=0, alu_s1_inv=0, alu_s1_rs1=0, alu_s1_PC=1, alu_s2_imm=1} (#0)
TRACE          1: IF: instr=0x147, PC=0x80000050 (#1)
TRACE          2: Branch: taken, target=0x80000050 (#0)
TRACE          2: EX: result=0x80000004 (#0)
TRACE          2: ID: ADDI x1, x0, 0x0, alu_op=ADD, br_op=NONE, exe_flags={use_rd=1, use_rs1=1, use_rs2=0, use_imm=1, is_load=0, is_store=0, is_csr=0, is_exit=0, alu_s1_inv=0, alu_s1_rs1=0, alu_s1_PC=0, alu_s2_imm=1} (#1)
TRACE          2: IF: instr=0x275, PC=0x80000054 (#2)
TRACE          3: MEM: result=0x80000004 (#0)
TRACE          3: EX: result=0x0 (#1)
TRACE          3: ID: ADDI x2, x0, 0x0, alu_op=ADD, br_op=NONE, exe_flags={use_rd=1, use_rs1=1, use_rs2=0, use_imm=1, is_load=0, is_store=0, is_csr=0, is_exit=0, alu_s1_inv=0, alu_s1_rs1=0, alu_s1_PC=0, alu_s2_imm=1} (#2)
TRACE          3: IF: instr=0x403, PC=0x80000058 (#3)
TRACE          4: WB: (#0)
TRACE          4: MEM: result=0x0 (#1)
TRACE          4: EX: result=0x0 (#2)
TRACE          4: ID: ADDI x3, x0, 0x0, alu_op=ADD, br_op=NONE, exe_flags={use_rd=1, use_rs1=1, use_rs2=0, use_imm=1, is_load=0, is_store=0, is_csr=0, is_exit=0, alu_s1_inv=0, alu_s1_rs1=0, alu_s1_PC=0, alu_s2_imm=1} (#3)
TRACE          4: IF: instr=0x531, PC=0x8000005c (#4)
TRACE          5: WB: (#1)
TRACE          5: MEM: result=0x0 (#2)
TRACE          5: EX: result=0x0 (#3)
TRACE          5: ID: ADDI x4, x0, 0x0, alu_op=ADD, br_op=NONE, exe_flags={use_rd=1, use_rs1=1, use_rs2=0, use_imm=1, is_load=0, is_store=0, is_csr=0, is_exit=0, alu_s1_inv=0, alu_s1_rs1=0, alu_s1_PC=0, alu_s2_imm=1} (#4)
TRACE          5: IF: instr=0x659, PC=0x80000060 (#5)
TRACE          6: WB: (#2)
TRACE          6: MEM: result=0x0 (#3)
TRACE          6: EX: result=0x0 (#4)
TRACE          6: ID: ADDI x5, x0, 0x0, alu_op=ADD, br_op=NONE, exe_flags={use_rd=1, use_rs1=1, use_rs2=0, use_imm=1, is_load=0, is_store=0, is_csr=0, is_exit=0, alu_s1_inv=0, alu_s1_rs1=0, alu_s1_PC=0, alu_s2_imm=1} (#5)
TRACE          6: IF: instr=0x787, PC=0x80000064 (#6)
TRACE          7: WB: (#3)
TRACE          7: MEM: result=0x0 (#4)
TRACE          7: EX: result=0x0 (#5)
TRACE          7: ID: ADDI x6, x0, 0x0, alu_op=ADD, br_op=NONE, exe_flags={use_rd=1, use_rs1=1, use_rs2=0, use_imm=1, is_load=0, is_store=0, is_csr=0, is_exit=0, alu_s1_inv=0, alu_s1_rs1=0, alu_s1_PC=0, alu_s2_imm=1} (#6)
TRACE          7: IF: instr=0x915, PC=0x80000068 (#7)
TRACE          8: WB: (#4)
TRACE          8: MEM: result=0x0 (#5)
TRACE          8: EX: result=0x0 (#6)
TRACE          8: ID: ADDI x7, x0, 0x0, alu_op=ADD, br_op=NONE, exe_flags={use_rd=1, use_rs1=1, use_rs2=0, use_imm=1, is_load=0, is_store=0, is_csr=0, is_exit=0, alu_s1_inv=0, alu_s1_rs1=0, alu_s1_PC=0, alu_s2_imm=1} (#7)
TRACE          8: IF: instr=0x1043, PC=0x8000006c (#8)
TRACE          9: WB: (#5)
TRACE          9: MEM: result=0x0 (#6)
TRACE          9: EX: result=0x0 (#7)
TRACE          9: ID: ADDI x8, x0, 0x0, alu_op=ADD, br_op=NONE, exe_flags={use_rd=1, use_rs1=1, use_rs2=0, use_imm=1, is_load=0, is_store=0, is_csr=0, is_exit=0, alu_s1_inv=0, alu_s1_rs1=0, alu_s1_PC=0, alu_s2_imm=1} (#8)
TRACE          9: IF: instr=0x1171, PC=0x80000070 (#9)
TRACE         10: WB: (#6)
TRACE         10: MEM: result=0x0 (#7)
TRACE         10: EX: result=0x0 (#8)
TRACE         10: ID: ADDI x9, x0, 0x0, alu_op=ADD, br_op=NONE, exe_flags={use_rd=1, use_rs1=1, use_rs2=0, use_imm=1, is_load=0, is_store=0, is_csr=0, is_exit=0, alu_s1_inv=0, alu_s1_rs1=0, alu_s1_PC=0, alu_s2_imm=1} (#9)
TRACE         10: IF: instr=0x1299, PC=0x80000074 (#10)
TRACE         11: WB: (#7)
TRACE         11: MEM: result=0x0 (#8)
TRACE         11: EX: result=0x0 (#9)
TRACE         11: ID: ADDI x10, x0, 0x0, alu_op=ADD, br_op=NONE, exe_flags={use_rd=1, use_rs1=1, use_rs2=0, use_imm=1, is_load=0, is_store=0, is_csr=0, is_exit=0, alu_s1_inv=0, alu_s1_rs1=0, alu_s1_PC=0, alu_s2_imm=1} (#10)
TRACE         11: IF: instr=0x1427, PC=0x80000078 (#11)
TRACE         12: WB: (#8)
TRACE         12: MEM: result=0x0 (#9)
TRACE         12: EX: result=0x0 (#10)
TRACE         12: ID: ADDI x11, x0, 0x0, alu_op=ADD, br_op=NONE, exe_flags={use_rd=1, use_rs1=1, use_rs2=0, use_imm=1, is_load=0, is_store=0, is_csr=0, is_exit=0, alu_s1_inv=0, alu_s1_rs1=0, alu_s1_PC=0, alu_s2_imm=1} (#11)
TRACE         12: IF: instr=0x1555, PC=0x8000007c (#12)
TRACE         13: WB: (#9)
TRACE         13: MEM: result=0x0 (#10)
TRACE         13: EX: result=0x0 (#11)
TRACE         13: ID: ADDI x12, x0, 0x0, alu_op=ADD, br_op=NONE, exe_flags={use_rd=1, use_rs1=1, use_rs2=0, use_imm=1, is_load=0, is_store=0, is_csr=0, is_exit=0, alu_s1_inv=0, alu_s1_rs1=0, alu_s1_PC=0, alu_s2_imm=1} (#12)
TRACE         13: IF: instr=0x1683, PC=0x80000080 (#13)
TRACE         14: WB: (#10)
TRACE         14: MEM: result=0x0 (#11)
TRACE         14: EX: result=0x0 (#12)
TRACE         14: ID: ADDI x13, x0, 0x0, alu_op=ADD, br_op=NONE, exe_flags={use_rd=1, use_rs1=1, use_rs2=0, use_imm=1, is_load=0, is_store=0, is_csr=0, is_exit=0, alu_s1_inv=0, alu_s1_rs1=0, alu_s1_PC=0, alu_s2_imm=1} (#13)
TRACE         14: IF: instr=0x1811, PC=0x80000084 (#14)
TRACE         15: WB: (#11)
TRACE         15: MEM: result=0x0 (#12)
TRACE         15: EX: result=0x0 (#13)
TRACE         15: ID: ADDI x14, x0, 0x0, alu_op=ADD, br_op=NONE, exe_flags={use_rd=1, use_rs1=1, use_rs2=0, use_imm=1, is_load=0, is_store=0, is_csr=0, is_exit=0, alu_s1_inv=0, alu_s1_rs1=0, alu_s1_PC=0, alu_s2_imm=1} (#14)
TRACE         15: IF: instr=0x1939, PC=0x80000088 (#15)
TRACE         16: WB: (#12)
TRACE         16: MEM: result=0x0 (#13)
TRACE         16: EX: result=0x0 (#14)
TRACE         16: ID: ADDI x15, x0, 0x0, alu_op=ADD, br_op=NONE, exe_flags={use_rd=1, use_rs1=1, use_rs2=0, use_imm=1, is_load=0, is_store=0, is_csr=0, is_exit=0, alu_s1_inv=0, alu_s1_rs1=0, alu_s1_PC=0, alu_s2_imm=1} (#15)
TRACE         16: IF: instr=0x2067, PC=0x8000008c (#16)
TRACE         17: WB: (#13)
TRACE         17: MEM: result=0x0 (#14)
TRACE         17: EX: result=0x0 (#15)
TRACE         17: ID: ADDI x16, x0, 0x0, alu_op=ADD, br_op=NONE, exe_flags={use_rd=1, use_rs1=1, use_rs2=0, use_imm=1, is_load=0, is_store=0, is_csr=0, is_exit=0, alu_s1_inv=0, alu_s1_rs1=0, alu_s1_PC=0, alu_s2_imm=1} (#16)
TRACE         17: IF: instr=0x2195, PC=0x80000090 (#17)
TRACE         18: WB: (#14)
TRACE         18: MEM: result=0x0 (#15)
TRACE         18: EX: result=0x0 (#16)
TRACE         18: ID: ADDI x17, x0, 0x0, alu_op=ADD, br_op=NONE, exe_flags={use_rd=1, use_rs1=1, use_rs2=0, use_imm=1, is_load=0, is_store=0, is_csr=0, is_exit=0, alu_s1_inv=0, alu_s1_rs1=0, alu_s1_PC=0, alu_s2_imm=1} (#17)
TRACE         18: IF: instr=0x2323, PC=0x80000094 (#18)
TRACE         19: WB: (#15)
TRACE         19: MEM: result=0x0 (#16)
TRACE         19: EX: result=0x0 (#17)
TRACE         19: ID: ADDI x18, x0, 0x0, alu_op=ADD, br_op=NONE, exe_flags={use_rd=1, use_rs1=1, use_rs2=0, use_imm=1, is_load=0, is_store=0, is_csr=0, is_exit=0, alu_s1_inv=0, alu_s1_rs1=0, alu_s1_PC=0, alu_s2_imm=1} (#18)
TRACE         19: IF: instr=0x2451, PC=0x80000098 (#19)
TRACE         20: WB: (#16)
TRACE         20: MEM: result=0x0 (#17)
TRACE         20: EX: result=0x0 (#18)
TRACE         20: ID: ADDI x19, x0, 0x0, alu_op=ADD, br_op=NONE, exe_flags={use_rd=1, use_rs1=1, use_rs2=0, use_imm=1, is_load=0, is_store=0, is_csr=0, is_exit=0, alu_s1_inv=0, alu_s1_rs1=0, alu_s1_PC=0, alu_s2_imm=1} (#19)
TRACE         20: IF: instr=0x2579, PC=0x8000009c (#20)
TRACE         21: WB: (#17)
TRACE         21: MEM: result=0x0 (#18)
TRACE         21: EX: result=0x0 (#19)
TRACE         21: ID: ADDI x20, x0, 0x0, alu_op=ADD, br_op=NONE, exe_flags={use_rd=1, use_rs1=1, use_rs2=0, use_imm=1, is_load=0, is_store=0, is_csr=0, is_exit=0, alu_s1_inv=0, alu_s1_rs1=0, alu_s1_PC=0, alu_s2_imm=1} (#20)
TRACE         21: IF: instr=0x2707, PC=0x800000a0 (#21)
TRACE         22: WB: (#18)
TRACE         22: MEM: result=0x0 (#19)
TRACE         22: EX: result=0x0 (#20)
TRACE         22: ID: ADDI x21, x0, 0x0, alu_op=ADD, br_op=NONE, exe_flags={use_rd=1, use_rs1=1, use_rs2=0, use_imm=1, is_load=0, is_store=0, is_csr=0, is_exit=0, alu_s1_inv=0, alu_s1_rs1=0, alu_s1_PC=0, alu_s2_imm=1} (#21)
TRACE         22: IF: instr=0x2835, PC=0x800000a4 (#22)
TRACE         23: WB: (#19)
TRACE         23: MEM: result=0x0 (#20)
TRACE         23: EX: result=0x0 (#21)
TRACE         23: ID: ADDI x22, x0, 0x0, alu_op=ADD, br_op=NONE, exe_flags={use_rd=1, use_rs1=1, use_rs2=0, use_imm=1, is_load=0, is_store=0, is_csr=0, is_exit=0, alu_s1_inv=0, alu_s1_rs1=0, alu_s1_PC=0, alu_s2_imm=1} (#22)
TRACE         23: IF: instr=0x2963, PC=0x800000a8 (#23)
TRACE         24: WB: (#20)
TRACE         24: MEM: result=0x0 (#21)
TRACE         24: EX: result=0x0 (#22)
TRACE         24: ID: ADDI x23, x0, 0x0, alu_op=ADD, br_op=NONE, exe_flags={use_rd=1, use_rs1=1, use_rs2=0, use_imm=1, is_load=0, is_store=0, is_csr=0, is_exit=0, alu_s1_inv=0, alu_s1_rs1=0, alu_s1_PC=0, alu_s2_imm=1} (#23)
TRACE         24: IF: instr=0x3091, PC=0x800000ac (#24)
TRACE         25: WB: (#21)
TRACE         25: MEM: result=0x0 (#22)
TRACE         25: EX: result=0x0 (#23)
TRACE         25: ID: ADDI x24, x0, 0x0, alu_op=ADD, br_op=NONE, exe_flags={use_rd=1, use_rs1=1, use_rs2=0, use_imm=1, is_load=0, is_store=0, is_csr=0, is_exit=0, alu_s1_inv=0, alu_s1_rs1=0, alu_s1_PC=0, alu_s2_imm=1} (#24)
TRACE         25: IF: instr=0x3219, PC=0x800000b0 (#25)
TRACE         26: WB: (#22)
TRACE         26: MEM: result=0x0 (#23)
TRACE         26: EX: result=0x0 (#24)
TRACE         26: ID: ADDI x25, x0, 0x0, alu_op=ADD, br_op=NONE, exe_flags={use_rd=1, use_rs1=1, use_rs2=0, use_imm=1, is_load=0, is_store=0, is_csr=0, is_exit=0, alu_s1_inv=0, alu_s1_rs1=0, alu_s1_PC=0, alu_s2_imm=1} (#25)
TRACE         26: IF: instr=0x3347, PC=0x800000b4 (#26)
TRACE         27: WB: (#23)
TRACE         27: MEM: result=0x0 (#24)
TRACE         27: EX: result=0x0 (#25)
TRACE         27: ID: ADDI x26, x0, 0x0, alu_op=ADD, br_op=NONE, exe_flags={use_rd=1, use_rs1=1, use_rs2=0, use_imm=1, is_load=0, is_store=0, is_csr=0, is_exit=0, alu_s1_inv=0, alu_s1_rs1=0, alu_s1_PC=0, alu_s2_imm=1} (#26)
TRACE         27: IF: instr=0x3475, PC=0x800000b8 (#27)
TRACE         28: WB: (#24)
TRACE         28: MEM: result=0x0 (#25)
TRACE         28: EX: result=0x0 (#26)
TRACE         28: ID: ADDI x27, x0, 0x0, alu_op=ADD, br_op=NONE, exe_flags={use_rd=1, use_rs1=1, use_rs2=0, use_imm=1, is_load=0, is_store=0, is_csr=0, is_exit=0, alu_s1_inv=0, alu_s1_rs1=0, alu_s1_PC=0, alu_s2_imm=1} (#27)
TRACE         28: IF: instr=0x3603, PC=0x800000bc (#28)
TRACE         29: WB: (#25)
TRACE         29: MEM: result=0x0 (#26)
TRACE         29: EX: result=0x0 (#27)
TRACE         29: ID: ADDI x28, x0, 0x0, alu_op=ADD, br_op=NONE, exe_flags={use_rd=1, use_rs1=1, use_rs2=0, use_imm=1, is_load=0, is_store=0, is_csr=0, is_exit=0, alu_s1_inv=0, alu_s1_rs1=0, alu_s1_PC=0, alu_s2_imm=1} (#28)
TRACE         29: IF: instr=0x3731, PC=0x800000c0 (#29)
TRACE         30: WB: (#26)
TRACE         30: MEM: result=0x0 (#27)
TRACE         30: EX: result=0x0 (#28)
TRACE         30: ID: ADDI x29, x0, 0x0, alu_op=ADD, br_op=NONE, exe_flags={use_rd=1, use_rs1=1, use_rs2=0, use_imm=1, is_load=0, is_store=0, is_csr=0, is_exit=0, alu_s1_inv=0, alu_s1_rs1=0, alu_s1_PC=0, alu_s2_imm=1} (#29)
TRACE         30: IF: instr=0x3859, PC=0x800000c4 (#30)
TRACE         31: WB: (#27)
TRACE         31: MEM: result=0x0 (#28)
TRACE         31: EX: result=0x0 (#29)
TRACE         31: ID: ADDI x30, x0, 0x0, alu_op=ADD, br_op=NONE, exe_flags={use_rd=1, use_rs1=1, use_rs2=0, use_imm=1, is_load=0, is_store=0, is_csr=0, is_exit=0, alu_s1_inv=0, alu_s1_rs1=0, alu_s1_PC=0, alu_s2_imm=1} (#30)
TRACE         31: IF: instr=0x3987, PC=0x800000c8 (#31)
TRACE         32: WB: (#28)
TRACE         32: MEM: result=0x0 (#29)
TRACE         32: EX: result=0x0 (#30)
TRACE         32: ID: ADDI x31, x0, 0x0, alu_op=ADD, br_op=NONE, exe_flags={use_rd=1, use_rs1=1, use_rs2=0, use_imm=1, is_load=0, is_store=0, is_csr=0, is_exit=0, alu_s1_inv=0, alu_s1_rs1=0, alu_s1_PC=0, alu_s2_imm=1} (#31)
TRACE         32: IF: instr=0x4047512947, PC=0x800000cc (#32)
TRACE         33: WB: (#29)
TRACE         33: MEM: result=0x0 (#30)
TRACE         33: EX: result=0x0 (#31)
TRACE         33: ID: CSRRS x10, x0, 0xf14, alu_op=OR, br_op=NONE, exe_flags={use_rd=1, use_rs1=1, use_rs2=0, use_imm=1, is_load=0, is_store=0, is_csr=1, is_exit=0, alu_s1_inv=0, alu_s1_rs1=0, alu_s1_PC=0, alu_s2_imm=0} (#32)
TRACE         33: CSR: addr=0xf14, data=0x0 (#32)
TRACE         33: IF: instr=0x331875, PC=0x800000d0 (#33)
TRACE         34: WB: (#30)
TRACE         34: MEM: result=0x0 (#31)
TRACE         34: EX: result=0x0 (#32)
TRACE         34: ID: BNE x10, x0, 0x0, alu_op=ADD, br_op=BNE, exe_flags={use_rd=0, use_rs1=1, use_rs2=1, use_imm=1, is_load=0, is_store=0, is_csr=0, is_exit=0, alu_s1_inv=0, alu_s1_rs1=0, alu_s1_PC=1, alu_s2_imm=1} (#33)
TRACE         34: Forwarding: x10, data=0x0 from EX (#33)
TRACE         34: IF: instr=0x663, PC=0x800000d4 (#34)
TRACE         35: WB: (#31)
TRACE         35: MEM: result=0x0 (#32)
TRACE         35: Branch: not-taken, target=0x800000d0 (#33)
TRACE         35: EX: result=0x800000d0 (#33)
TRACE         35: ID: AUIPC x5, 0x0, alu_op=ADD, br_op=NONE, exe_flags={use_rd=1, use_rs1=0, use_rs2=0, use_imm=1, is_load=0, is_store=0, is_csr=0, is_exit=0, alu_s1_inv=0, alu_s1_rs1=0, alu_s1_PC=1, alu_s2_imm=1} (#34)
TRACE         35: IF: instr=0x16941715, PC=0x800000d8 (#35)
TRACE         36: WB: (#32)
TRACE         36: MEM: result=0x800000d0 (#33)
TRACE         36: EX: result=0x800000d4 (#34)
TRACE         36: ID: ADDI x5, x5, 0x10, alu_op=ADD, br_op=NONE, exe_flags={use_rd=1, use_rs1=1, use_rs2=0, use_imm=1, is_load=0, is_store=0, is_csr=0, is_exit=0, alu_s1_inv=0, alu_s1_rs1=0, alu_s1_PC=0, alu_s2_imm=1} (#35)
TRACE         36: Forwarding: x5, data=0x800000d4 from EX (#35)
TRACE         36: IF: instr=0x810717299, PC=0x800000dc (#36)
TRACE         37: WB: (#33)
TRACE         37: MEM: result=0x800000d4 (#34)
TRACE         37: EX: result=0x800000e4 (#35)
TRACE         37: ID: CSRRW x0, x5, 0x305, alu_op=ADD, br_op=NONE, exe_flags={use_rd=1, use_rs1=1, use_rs2=0, use_imm=1, is_load=0, is_store=0, is_csr=1, is_exit=0, alu_s1_inv=0, alu_s1_rs1=0, alu_s1_PC=0, alu_s2_imm=0} (#36)
TRACE         37: Forwarding: x5, data=0x800000e4 from EX (#36)
TRACE         37: CSR: addr=0x305, data=0x0 (#36)
TRACE         37: IF: instr=0x1950634099, PC=0x800000e0 (#37)
TRACE         38: WB: (#34)
TRACE         38: MEM: result=0x800000e4 (#35)
TRACE         38: EX: result=0x800000e4 (#36)
TRACE         38: ID: CSRRWI x0, 0x744, alu_op=ADD, br_op=NONE, exe_flags={use_rd=1, use_rs1=0, use_rs2=0, use_imm=1, is_load=0, is_store=0, is_csr=1, is_exit=0, alu_s1_inv=0, alu_s1_rs1=1, alu_s1_PC=0, alu_s2_imm=0} (#37)
TRACE         38: CSR: addr=0x744, data=0x0 (#37)
TRACE         38: IF: instr=0x663, PC=0x800000e4 (#38)
TRACE         39: WB: (#35)
TRACE         39: MEM: result=0x0 (#36)
TRACE         39: EX: result=0x8 (#37)
TRACE         39: ID: AUIPC x5, 0x0, alu_op=ADD, br_op=NONE, exe_flags={use_rd=1, use_rs1=0, use_rs2=0, use_imm=1, is_load=0, is_store=0, is_csr=0, is_exit=0, alu_s1_inv=0, alu_s1_rs1=0, alu_s1_PC=1, alu_s2_imm=1} (#38)
TRACE         39: IF: instr=0x16941715, PC=0x800000e8 (#39)
TRACE         40: WB: (#36)
TRACE         40: MEM: result=0x0 (#37)
TRACE         40: EX: result=0x800000e4 (#38)
TRACE         40: ID: ADDI x5, x5, 0x10, alu_op=ADD, br_op=NONE, exe_flags={use_rd=1, use_rs1=1, use_rs2=0, use_imm=1, is_load=0, is_store=0, is_csr=0, is_exit=0, alu_s1_inv=0, alu_s1_rs1=0, alu_s1_PC=0, alu_s2_imm=1} (#39)
TRACE         40: Forwarding: x5, data=0x800000e4 from EX (#39)
TRACE         40: IF: instr=0x810717299, PC=0x800000ec (#40)
TRACE         41: WB: (#37)
TRACE         41: MEM: result=0x800000e4 (#38)
TRACE         41: EX: result=0x800000f4 (#39)
TRACE         41: ID: CSRRW x0, x5, 0x305, alu_op=ADD, br_op=NONE, exe_flags={use_rd=1, use_rs1=1, use_rs2=0, use_imm=1, is_load=0, is_store=0, is_csr=1, is_exit=0, alu_s1_inv=0, alu_s1_rs1=0, alu_s1_PC=0, alu_s2_imm=0} (#40)
TRACE         41: Forwarding: x5, data=0x800000f4 from EX (#40)
TRACE         41: CSR: addr=0x305, data=0x0 (#40)
TRACE         41: IF: instr=0x402673779, PC=0x800000f0 (#41)
TRACE         42: WB: (#38)
TRACE         42: MEM: result=0x800000f4 (#39)
TRACE         42: EX: result=0x800000f4 (#40)
TRACE         42: ID: CSRRWI x0, 0x180, alu_op=ADD, br_op=NONE, exe_flags={use_rd=1, use_rs1=0, use_rs2=0, use_imm=1, is_load=0, is_store=0, is_csr=1, is_exit=0, alu_s1_inv=0, alu_s1_rs1=1, alu_s1_PC=0, alu_s2_imm=0} (#41)
TRACE         42: CSR: addr=0x180, data=0x0 (#41)
TRACE         42: IF: instr=0x663, PC=0x800000f4 (#42)
TRACE         43: WB: (#39)
TRACE         43: MEM: result=0x0 (#40)
TRACE         43: EX: result=0x0 (#41)
TRACE         43: ID: AUIPC x5, 0x0, alu_op=ADD, br_op=NONE, exe_flags={use_rd=1, use_rs1=0, use_rs2=0, use_imm=1, is_load=0, is_store=0, is_csr=0, is_exit=0, alu_s1_inv=0, alu_s1_rs1=0, alu_s1_PC=1, alu_s2_imm=1} (#42)
TRACE         43: IF: instr=0x33718931, PC=0x800000f8 (#43)
TRACE         44: WB: (#40)
TRACE         44: MEM: result=0x0 (#41)
TRACE         44: EX: result=0x800000f4 (#42)
TRACE         44: ID: ADDI x5, x5, 0x20, alu_op=ADD, br_op=NONE, exe_flags={use_rd=1, use_rs1=1, use_rs2=0, use_imm=1, is_load=0, is_store=0, is_csr=0, is_exit=0, alu_s1_inv=0, alu_s1_rs1=0, alu_s1_PC=0, alu_s2_imm=1} (#43)
TRACE         44: Forwarding: x5, data=0x800000f4 from EX (#43)
TRACE         44: IF: instr=0x810717299, PC=0x800000fc (#44)
TRACE         45: WB: (#41)
TRACE         45: MEM: result=0x800000f4 (#42)
TRACE         45: EX: result=0x80000114 (#43)
TRACE         45: ID: CSRRW x0, x5, 0x305, alu_op=ADD, br_op=NONE, exe_flags={use_rd=1, use_rs1=1, use_rs2=0, use_imm=1, is_load=0, is_store=0, is_csr=1, is_exit=0, alu_s1_inv=0, alu_s1_rs1=0, alu_s1_PC=0, alu_s2_imm=0} (#44)
TRACE         45: Forwarding: x5, data=0x80000114 from EX (#44)
TRACE         45: CSR: addr=0x305, data=0x0 (#44)
TRACE         45: IF: instr=0x2147484343, PC=0x80000100 (#45)
TRACE         46: WB: (#42)
TRACE         46: MEM: result=0x80000114 (#43)
TRACE         46: EX: result=0x80000114 (#44)
TRACE         46: ID: LUI x5, 0x80000000, alu_op=ADD, br_op=NONE, exe_flags={use_rd=1, use_rs1=0, use_rs2=0, use_imm=1, is_load=0, is_store=0, is_csr=0, is_exit=0, alu_s1_inv=0, alu_s1_rs1=0, alu_s1_PC=0, alu_s2_imm=1} (#45)
TRACE         46: IF: instr=0x4294083219, PC=0x80000104 (#46)
TRACE         47: WB: (#43)
TRACE         47: MEM: result=0x0 (#44)
TRACE         47: EX: result=0x80000000 (#45)
TRACE         47: ID: ADDI x5, x5, 0xffffffff, alu_op=ADD, br_op=NONE, exe_flags={use_rd=1, use_rs1=1, use_rs2=0, use_imm=1, is_load=0, is_store=0, is_csr=0, is_exit=0, alu_s1_inv=0, alu_s1_rs1=0, alu_s1_PC=0, alu_s2_imm=1} (#46)
TRACE         47: Forwarding: x5, data=0x80000000 from EX (#46)
TRACE         47: IF: instr=0x990023795, PC=0x80000108 (#47)
TRACE         48: WB: (#44)
TRACE         48: MEM: result=0x80000000 (#45)
TRACE         48: EX: result=0x7fffffff (#46)
TRACE         48: ID: CSRRW x0, x5, 0x3b0, alu_op=ADD, br_op=NONE, exe_flags={use_rd=1, use_rs1=1, use_rs2=0, use_imm=1, is_load=0, is_store=0, is_csr=1, is_exit=0, alu_s1_inv=0, alu_s1_rs1=0, alu_s1_PC=0, alu_s2_imm=0} (#47)
TRACE         48: Forwarding: x5, data=0x7fffffff from EX (#47)
TRACE         48: CSR: addr=0x3b0, data=0x0 (#47)
TRACE         48: IF: instr=0x32506515, PC=0x8000010c (#48)
TRACE         49: WB: (#45)
TRACE         49: MEM: result=0x7fffffff (#46)
TRACE         49: EX: result=0x7fffffff (#47)
TRACE         49: ID: ADDI x5, x0, 0x1f, alu_op=ADD, br_op=NONE, exe_flags={use_rd=1, use_rs1=1, use_rs2=0, use_imm=1, is_load=0, is_store=0, is_csr=0, is_exit=0, alu_s1_inv=0, alu_s1_rs1=0, alu_s1_PC=0, alu_s2_imm=1} (#48)
TRACE         49: IF: instr=0x973246579, PC=0x80000110 (#49)
TRACE         50: WB: (#46)
TRACE         50: MEM: result=0x0 (#47)
TRACE         50: EX: result=0x1f (#48)
TRACE         50: ID: CSRRW x0, x5, 0x3a0, alu_op=ADD, br_op=NONE, exe_flags={use_rd=1, use_rs1=1, use_rs2=0, use_imm=1, is_load=0, is_store=0, is_csr=1, is_exit=0, alu_s1_inv=0, alu_s1_rs1=0, alu_s1_PC=0, alu_s2_imm=0} (#49)
TRACE         50: Forwarding: x5, data=0x1f from EX (#49)
TRACE         50: CSR: addr=0x3a0, data=0x0 (#49)
TRACE         50: IF: instr=0x809521267, PC=0x80000114 (#50)
TRACE         51: WB: (#47)
TRACE         51: MEM: result=0x1f (#48)
TRACE         51: EX: result=0x1f (#49)
TRACE         51: ID: CSRRWI x0, 0x304, alu_op=ADD, br_op=NONE, exe_flags={use_rd=1, use_rs1=0, use_rs2=0, use_imm=1, is_load=0, is_store=0, is_csr=1, is_exit=0, alu_s1_inv=0, alu_s1_rs1=1, alu_s1_PC=0, alu_s2_imm=0} (#50)
TRACE         51: CSR: addr=0x304, data=0x0 (#50)
TRACE         51: IF: instr=0x663, PC=0x80000118 (#51)
TRACE         52: WB: (#48)
TRACE         52: MEM: result=0x0 (#49)
TRACE         52: EX: result=0x0 (#50)
TRACE         52: ID: AUIPC x5, 0x0, alu_op=ADD, br_op=NONE, exe_flags={use_rd=1, use_rs1=0, use_rs2=0, use_imm=1, is_load=0, is_store=0, is_csr=0, is_exit=0, alu_s1_inv=0, alu_s1_rs1=0, alu_s1_PC=1, alu_s2_imm=1} (#51)
TRACE         52: IF: instr=0x21136019, PC=0x8000011c (#52)
TRACE         53: WB: (#49)
TRACE         53: MEM: result=0x0 (#50)
TRACE         53: EX: result=0x80000118 (#51)
TRACE         53: ID: ADDI x5, x5, 0x14, alu_op=ADD, br_op=NONE, exe_flags={use_rd=1, use_rs1=1, use_rs2=0, use_imm=1, is_load=0, is_store=0, is_csr=0, is_exit=0, alu_s1_inv=0, alu_s1_rs1=0, alu_s1_PC=0, alu_s2_imm=1} (#52)
TRACE         53: Forwarding: x5, data=0x80000118 from EX (#52)
TRACE         53: IF: instr=0x810717299, PC=0x80000120 (#53)
TRACE         54: WB: (#50)
TRACE         54: MEM: result=0x80000118 (#51)
TRACE         54: EX: result=0x8000012c (#52)
TRACE         54: ID: CSRRW x0, x5, 0x305, alu_op=ADD, br_op=NONE, exe_flags={use_rd=1, use_rs1=1, use_rs2=0, use_imm=1, is_load=0, is_store=0, is_csr=1, is_exit=0, alu_s1_inv=0, alu_s1_rs1=0, alu_s1_PC=0, alu_s2_imm=0} (#53)
TRACE         54: Forwarding: x5, data=0x8000012c from EX (#53)
TRACE         54: CSR: addr=0x305, data=0x0 (#53)
TRACE         54: IF: instr=0x807424115, PC=0x80000124 (#54)
TRACE         55: WB: (#51)
TRACE         55: MEM: result=0x8000012c (#52)
TRACE         55: EX: result=0x8000012c (#53)
TRACE         55: ID: CSRRWI x0, 0x302, alu_op=ADD, br_op=NONE, exe_flags={use_rd=1, use_rs1=0, use_rs2=0, use_imm=1, is_load=0, is_store=0, is_csr=1, is_exit=0, alu_s1_inv=0, alu_s1_rs1=1, alu_s1_PC=0, alu_s2_imm=0} (#54)
TRACE         55: CSR: addr=0x302, data=0x0 (#54)
TRACE         55: IF: instr=0x808472691, PC=0x80000128 (#55)
TRACE         56: WB: (#52)
TRACE         56: MEM: result=0x0 (#53)
TRACE         56: EX: result=0x0 (#54)
TRACE         56: ID: CSRRWI x0, 0x303, alu_op=ADD, br_op=NONE, exe_flags={use_rd=1, use_rs1=0, use_rs2=0, use_imm=1, is_load=0, is_store=0, is_csr=1, is_exit=0, alu_s1_inv=0, alu_s1_rs1=1, alu_s1_PC=0, alu_s2_imm=0} (#55)
TRACE         56: CSR: addr=0x303, data=0x0 (#55)
TRACE         56: IF: instr=0x403, PC=0x8000012c (#56)
TRACE         57: WB: (#53)
TRACE         57: MEM: result=0x0 (#54)
TRACE         57: EX: result=0x0 (#55)
TRACE         57: ID: ADDI x3, x0, 0x0, alu_op=ADD, br_op=NONE, exe_flags={use_rd=1, use_rs1=1, use_rs2=0, use_imm=1, is_load=0, is_store=0, is_csr=0, is_exit=0, alu_s1_inv=0, alu_s1_rs1=0, alu_s1_PC=0, alu_s2_imm=1} (#56)
TRACE         57: IF: instr=0x663, PC=0x80000130 (#57)
TRACE         58: WB: (#54)
TRACE         58: MEM: result=0x0 (#55)
TRACE         58: EX: result=0x0 (#56)
TRACE         58: ID: AUIPC x5, 0x0, alu_op=ADD, br_op=NONE, exe_flags={use_rd=1, use_rs1=0, use_rs2=0, use_imm=1, is_load=0, is_store=0, is_csr=0, is_exit=0, alu_s1_inv=0, alu_s1_rs1=0, alu_s1_PC=1, alu_s2_imm=1} (#57)
TRACE         58: IF: instr=0x3980558995, PC=0x80000134 (#58)
TRACE         59: WB: (#55)
TRACE         59: MEM: result=0x0 (#56)
TRACE         59: EX: result=0x80000130 (#57)
TRACE         59: ID: ADDI x5, x5, 0xfffffed4, alu_op=ADD, br_op=NONE, exe_flags={use_rd=1, use_rs1=1, use_rs2=0, use_imm=1, is_load=0, is_store=0, is_csr=0, is_exit=0, alu_s1_inv=0, alu_s1_rs1=0, alu_s1_PC=0, alu_s2_imm=1} (#58)
TRACE         59: Forwarding: x5, data=0x80000130 from EX (#58)
TRACE         59: IF: instr=0x810717299, PC=0x80000138 (#59)
TRACE         60: WB: (#56)
TRACE         60: MEM: result=0x80000130 (#57)
TRACE         60: EX: result=0x80000004 (#58)
TRACE         60: ID: CSRRW x0, x5, 0x305, alu_op=ADD, br_op=NONE, exe_flags={use_rd=1, use_rs1=1, use_rs2=0, use_imm=1, is_load=0, is_store=0, is_csr=1, is_exit=0, alu_s1_inv=0, alu_s1_rs1=0, alu_s1_PC=0, alu_s2_imm=0} (#59)
TRACE         60: Forwarding: x5, data=0x80000004 from EX (#59)
TRACE         60: CSR: addr=0x305, data=0x0 (#59)
TRACE         60: IF: instr=0x1049875, PC=0x8000013c (#60)
TRACE         61: WB: (#57)
TRACE         61: MEM: result=0x80000004 (#58)
TRACE         61: EX: result=0x80000004 (#59)
TRACE         61: ID: ADDI x10, x0, 0x1, alu_op=ADD, br_op=NONE, exe_flags={use_rd=1, use_rs1=1, use_rs2=0, use_imm=1, is_load=0, is_store=0, is_csr=0, is_exit=0, alu_s1_inv=0, alu_s1_rs1=0, alu_s1_PC=0, alu_s2_imm=1} (#60)
TRACE         61: IF: instr=0x32838931, PC=0x80000140 (#61)
TRACE         62: WB: (#58)
TRACE         62: MEM: result=0x0 (#59)
TRACE         62: EX: result=0x1 (#60)
TRACE         62: ID: SLLI x10, x10, 0x1f, alu_op=SLL, br_op=NONE, exe_flags={use_rd=1, use_rs1=1, use_rs2=0, use_imm=1, is_load=0, is_store=0, is_csr=0, is_exit=0, alu_s1_inv=0, alu_s1_rs1=0, alu_s1_PC=0, alu_s2_imm=1} (#61)
TRACE         62: Forwarding: x10, data=0x1 from EX (#61)
TRACE         62: IF: instr=0x347235, PC=0x80000144 (#62)
TRACE         63: WB: (#59)
TRACE         63: MEM: result=0x1 (#60)
TRACE         63: EX: result=0x80000000 (#61)
TRACE         63: ID: BLT x10, x0, 0x18, alu_op=ADD, br_op=BLT, exe_flags={use_rd=0, use_rs1=1, use_rs2=1, use_imm=1, is_load=0, is_store=0, is_csr=0, is_exit=0, alu_s1_inv=0, alu_s1_rs1=0, alu_s1_PC=1, alu_s2_imm=1} (#62)
TRACE         63: Forwarding: x10, data=0x80000000 from EX (#62)
TRACE         63: IF: instr=0x267386895, PC=0x80000148 (#63)
TRACE         64: WB: (#60)
TRACE         64: MEM: result=0x80000000 (#61)
TRACE         64: *** Branch misprediction: (#62)
TRACE         64: Branch: taken, target=0x8000015c (#62)
TRACE         64: EX: result=0x8000015c (#62)
TRACE         64: IF: instr=0x659, PC=0x8000015c (#64)
TRACE         65: WB: (#61)
TRACE         65: MEM: result=0x8000015c (#62)
TRACE         65: ID: ADDI x5, x0, 0x0, alu_op=ADD, br_op=NONE, exe_flags={use_rd=1, use_rs1=1, use_rs2=0, use_imm=1, is_load=0, is_store=0, is_csr=0, is_exit=0, alu_s1_inv=0, alu_s1_rs1=0, alu_s1_PC=0, alu_s2_imm=1} (#64)
TRACE         65: IF: instr=0x166499, PC=0x80000160 (#65)
TRACE         66: WB: (#62)
TRACE         66: EX: result=0x0 (#64)
TRACE         66: ID: BEQ x5, x0, 0x14, alu_op=ADD, br_op=BEQ, exe_flags={use_rd=0, use_rs1=1, use_rs2=1, use_imm=1, is_load=0, is_store=0, is_csr=0, is_exit=0, alu_s1_inv=0, alu_s1_rs1=0, alu_s1_PC=1, alu_s2_imm=1} (#65)
TRACE         66: Forwarding: x5, data=0x0 from EX (#65)
TRACE         66: IF: instr=0x273846387, PC=0x80000164 (#66)
TRACE         67: MEM: result=0x0 (#64)
TRACE         67: *** Branch misprediction: (#65)
TRACE         67: Branch: taken, target=0x80000174 (#65)
TRACE         67: EX: result=0x80000174 (#65)
TRACE         67: IF: instr=0x805326963, PC=0x80000174 (#67)
TRACE         68: WB: (#64)
TRACE         68: MEM: result=0x80000174 (#65)
TRACE         68: ID: CSRRWI x0, 0x300, alu_op=ADD, br_op=NONE, exe_flags={use_rd=1, use_rs1=0, use_rs2=0, use_imm=1, is_load=0, is_store=0, is_csr=1, is_exit=0, alu_s1_inv=0, alu_s1_rs1=1, alu_s1_PC=0, alu_s2_imm=0} (#67)
TRACE         68: CSR: addr=0x300, data=0x0 (#67)
TRACE         68: IF: instr=0x663, PC=0x80000178 (#68)
TRACE         69: WB: (#65)
TRACE         69: EX: result=0x0 (#67)
TRACE         69: ID: AUIPC x5, 0x0, alu_op=ADD, br_op=NONE, exe_flags={use_rd=1, use_rs1=0, use_rs2=0, use_imm=1, is_load=0, is_store=0, is_csr=0, is_exit=0, alu_s1_inv=0, alu_s1_rs1=0, alu_s1_PC=1, alu_s2_imm=1} (#68)
TRACE         69: IF: instr=0x21136019, PC=0x8000017c (#69)
TRACE         70: MEM: result=0x0 (#67)
TRACE         70: EX: result=0x80000178 (#68)
TRACE         70: ID: ADDI x5, x5, 0x14, alu_op=ADD, br_op=NONE, exe_flags={use_rd=1, use_rs1=1, use_rs2=0, use_imm=1, is_load=0, is_store=0, is_csr=0, is_exit=0, alu_s1_inv=0, alu_s1_rs1=0, alu_s1_PC=0, alu_s2_imm=1} (#69)
TRACE         70: Forwarding: x5, data=0x80000178 from EX (#69)
TRACE         70: IF: instr=0x873631859, PC=0x80000180 (#70)
TRACE         71: WB: (#67)
TRACE         71: MEM: result=0x80000178 (#68)
TRACE         71: EX: result=0x8000018c (#69)
TRACE         71: ID: CSRRW x0, x5, 0x341, alu_op=ADD, br_op=NONE, exe_flags={use_rd=1, use_rs1=1, use_rs2=0, use_imm=1, is_load=0, is_store=0, is_csr=1, is_exit=0, alu_s1_inv=0, alu_s1_rs1=0, alu_s1_PC=0, alu_s2_imm=0} (#70)
TRACE         71: Forwarding: x5, data=0x8000018c from EX (#70)
TRACE         71: CSR: addr=0x341, data=0x0 (#70)
TRACE         71: IF: instr=0x4047512947, PC=0x80000184 (#71)
TRACE         72: WB: (#68)
TRACE         72: MEM: result=0x8000018c (#69)
TRACE         72: EX: result=0x8000018c (#70)
TRACE         72: ID: CSRRS x10, x0, 0xf14, alu_op=OR, br_op=NONE, exe_flags={use_rd=1, use_rs1=1, use_rs2=0, use_imm=1, is_load=0, is_store=0, is_csr=1, is_exit=0, alu_s1_inv=0, alu_s1_rs1=0, alu_s1_PC=0, alu_s2_imm=0} (#71)
TRACE         72: CSR: addr=0xf14, data=0x0 (#71)
TRACE         72: IF: instr=0x807403635, PC=0x80000188 (#72)
TRACE         73: WB: (#69)
TRACE         73: MEM: result=0x0 (#70)
TRACE         73: EX: result=0x0 (#71)
TRACE         73: ID: MRET 0x302, alu_op=ADD, br_op=NONE, exe_flags={use_rd=0, use_rs1=0, use_rs2=0, use_imm=1, is_load=0, is_store=0, is_csr=0, is_exit=0, alu_s1_inv=0, alu_s1_rs1=0, alu_s1_PC=0, alu_s2_imm=0} (#72)
TRACE         73: IF: instr=0x2097555, PC=0x8000018c (#73)
TRACE         74: WB: (#70)
TRACE         74: MEM: result=0x0 (#71)
TRACE         74: EX: result=0x0 (#72)
TRACE         74: ID: ADDI x3, x0, 0x2, alu_op=ADD, br_op=NONE, exe_flags={use_rd=1, use_rs1=1, use_rs2=0, use_imm=1, is_load=0, is_store=0, is_csr=0, is_exit=0, alu_s1_inv=0, alu_s1_rs1=0, alu_s1_PC=0, alu_s2_imm=1} (#73)
TRACE         74: IF: instr=0x183, PC=0x80000190 (#74)
TRACE         75: WB: (#71)
TRACE         75: MEM: result=0x0 (#72)
TRACE         75: EX: result=0x2 (#73)
TRACE         75: ID: LUI x1, 0x0, alu_op=ADD, br_op=NONE, exe_flags={use_rd=1, use_rs1=0, use_rs2=0, use_imm=1, is_load=0, is_store=0, is_csr=0, is_exit=0, alu_s1_inv=0, alu_s1_rs1=0, alu_s1_PC=0, alu_s2_imm=1} (#74)
TRACE         75: IF: instr=0x915, PC=0x80000194 (#75)
TRACE         76: WB: (#72)
TRACE         76: MEM: result=0x2 (#73)
TRACE         76: EX: result=0x0 (#74)
TRACE         76: ID: ADDI x7, x0, 0x0, alu_op=ADD, br_op=NONE, exe_flags={use_rd=1, use_rs1=1, use_rs2=0, use_imm=1, is_load=0, is_store=0, is_csr=0, is_exit=0, alu_s1_inv=0, alu_s1_rs1=0, alu_s1_PC=0, alu_s2_imm=1} (#75)
TRACE         76: IF: instr=0x74488419, PC=0x80000198 (#76)
TRACE         77: WB: (#73)
TRACE         77: MEM: result=0x0 (#74)
TRACE         77: EX: result=0x0 (#75)
TRACE         77: ID: BNE x1, x7, 0x54, alu_op=ADD, br_op=BNE, exe_flags={use_rd=0, use_rs1=1, use_rs2=1, use_imm=1, is_load=0, is_store=0, is_csr=0, is_exit=0, alu_s1_inv=0, alu_s1_rs1=0, alu_s1_PC=1, alu_s2_imm=1} (#76)
TRACE         77: Forwarding: x1, data=0x0 from MEM (#76)
TRACE         77: Forwarding: x7, data=0x0 from EX (#76)
TRACE         77: IF: instr=0x3146131, PC=0x8000019c (#77)
TRACE         78: WB: (#74)
TRACE         78: MEM: result=0x0 (#75)
TRACE         78: Branch: not-taken, target=0x800001ec (#76)
TRACE         78: EX: result=0x800001ec (#76)
TRACE         78: ID: ADDI x3, x0, 0x3, alu_op=ADD, br_op=NONE, exe_flags={use_rd=1, use_rs1=1, use_rs2=0, use_imm=1, is_load=0, is_store=0, is_csr=0, is_exit=0, alu_s1_inv=0, alu_s1_rs1=0, alu_s1_PC=0, alu_s2_imm=1} (#77)
TRACE         78: IF: instr=0x4294963383, PC=0x800001a0 (#78)
TRACE         79: WB: (#75)
TRACE         79: MEM: result=0x800001ec (#76)
TRACE         79: EX: result=0x3 (#77)
TRACE         79: ID: LUI x1, 0xfffff000, alu_op=ADD, br_op=NONE, exe_flags={use_rd=1, use_rs1=0, use_rs2=0, use_imm=1, is_load=0, is_store=0, is_csr=0, is_exit=0, alu_s1_inv=0, alu_s1_rs1=0, alu_s1_PC=0, alu_s2_imm=1} (#78)
TRACE         79: IF: instr=0x1074843795, PC=0x800001a4 (#79)
TRACE         80: WB: (#76)
TRACE         80: MEM: result=0x3 (#77)
TRACE         80: EX: result=0xfffff000 (#78)
TRACE         80: ID: SRAI x1, x1, 0x1, alu_op=SRA, br_op=NONE, exe_flags={use_rd=1, use_rs1=1, use_rs2=0, use_imm=1, is_load=0, is_store=0, is_csr=0, is_exit=0, alu_s1_inv=0, alu_s1_rs1=0, alu_s1_PC=0, alu_s2_imm=1} (#79)
TRACE         80: Forwarding: x1, data=0xfffff000 from EX (#79)
TRACE         80: IF: instr=0x2147484563, PC=0x800001a8 (#80)
TRACE         81: WB: (#77)
TRACE         81: MEM: result=0xfffff000 (#78)
TRACE         81: EX: result=0xfffff800 (#79)
TRACE         81: ID: ADDI x7, x0, 0xfffff800, alu_op=ADD, br_op=NONE, exe_flags={use_rd=1, use_rs1=1, use_rs2=0, use_imm=1, is_load=0, is_store=0, is_csr=0, is_exit=0, alu_s1_inv=0, alu_s1_rs1=0, alu_s1_PC=0, alu_s2_imm=1} (#80)
TRACE         81: IF: instr=0x74485859, PC=0x800001ac (#81)
TRACE         82: WB: (#78)
TRACE         82: MEM: result=0xfffff800 (#79)
TRACE         82: EX: result=0xfffff800 (#80)
TRACE         82: ID: BNE x1, x7, 0x40, alu_op=ADD, br_op=BNE, exe_flags={use_rd=0, use_rs1=1, use_rs2=1, use_imm=1, is_load=0, is_store=0, is_csr=0, is_exit=0, alu_s1_inv=0, alu_s1_rs1=0, alu_s1_PC=1, alu_s2_imm=1} (#81)
TRACE         82: Forwarding: x1, data=0xfffff800 from MEM (#81)
TRACE         82: Forwarding: x7, data=0xfffff800 from EX (#81)
TRACE         82: IF: instr=0x4194707, PC=0x800001b0 (#82)
TRACE         83: WB: (#79)
TRACE         83: MEM: result=0xfffff800 (#80)
TRACE         83: Branch: not-taken, target=0x800001ec (#81)
TRACE         83: EX: result=0x800001ec (#81)
TRACE         83: ID: ADDI x3, x0, 0x4, alu_op=ADD, br_op=NONE, exe_flags={use_rd=1, use_rs1=1, use_rs2=0, use_imm=1, is_load=0, is_store=0, is_csr=0, is_exit=0, alu_s1_inv=0, alu_s1_rs1=0, alu_s1_PC=0, alu_s2_imm=1} (#82)
TRACE         83: IF: instr=0x2147479735, PC=0x800001b4 (#83)
TRACE         84: WB: (#80)
TRACE         84: MEM: result=0x800001ec (#81)
TRACE         84: EX: result=0x4 (#82)
TRACE         84: ID: LUI x1, 0x7ffff000, alu_op=ADD, br_op=NONE, exe_flags={use_rd=1, use_rs1=0, use_rs2=0, use_imm=1, is_load=0, is_store=0, is_csr=0, is_exit=0, alu_s1_inv=0, alu_s1_rs1=0, alu_s1_PC=0, alu_s2_imm=1} (#83)
TRACE         84: IF: instr=0x1094766739, PC=0x800001b8 (#84)
TRACE         85: WB: (#81)
TRACE         85: MEM: result=0x4 (#82)
TRACE         85: EX: result=0x7ffff000 (#83)
TRACE         85: ID: SRAI x1, x1, 0x14, alu_op=SRA, br_op=NONE, exe_flags={use_rd=1, use_rs1=1, use_rs2=0, use_imm=1, is_load=0, is_store=0, is_csr=0, is_exit=0, alu_s1_inv=0, alu_s1_rs1=0, alu_s1_PC=0, alu_s2_imm=1} (#84)
TRACE         85: Forwarding: x1, data=0x7ffff000 from EX (#84)
TRACE         85: IF: instr=0x2146435987, PC=0x800001bc (#85)
TRACE         86: WB: (#82)
TRACE         86: MEM: result=0x7ffff000 (#83)
TRACE         86: EX: result=0x7ff (#84)
TRACE         86: ID: ADDI x7, x0, 0x7ff, alu_op=ADD, br_op=NONE, exe_flags={use_rd=1, use_rs1=1, use_rs2=0, use_imm=1, is_load=0, is_store=0, is_csr=0, is_exit=0, alu_s1_inv=0, alu_s1_rs1=0, alu_s1_PC=0, alu_s2_imm=1} (#85)
TRACE         86: IF: instr=0x40932963, PC=0x800001c0 (#86)
TRACE         87: WB: (#83)
TRACE         87: MEM: result=0x7ff (#84)
TRACE         87: EX: result=0x7ff (#85)
TRACE         87: ID: BNE x1, x7, 0x2c, alu_op=ADD, br_op=BNE, exe_flags={use_rd=0, use_rs1=1, use_rs2=1, use_imm=1, is_load=0, is_store=0, is_csr=0, is_exit=0, alu_s1_inv=0, alu_s1_rs1=0, alu_s1_PC=1, alu_s2_imm=1} (#86)
TRACE         87: Forwarding: x1, data=0x7ff from MEM (#86)
TRACE         87: Forwarding: x7, data=0x7ff from EX (#86)
TRACE         87: IF: instr=0x5243283, PC=0x800001c4 (#87)
TRACE         88: WB: (#84)
TRACE         88: MEM: result=0x7ff (#85)
TRACE         88: Branch: not-taken, target=0x800001ec (#86)
TRACE         88: EX: result=0x800001ec (#86)
TRACE         88: ID: ADDI x3, x0, 0x5, alu_op=ADD, br_op=NONE, exe_flags={use_rd=1, use_rs1=1, use_rs2=0, use_imm=1, is_load=0, is_store=0, is_csr=0, is_exit=0, alu_s1_inv=0, alu_s1_rs1=0, alu_s1_PC=0, alu_s2_imm=1} (#87)
TRACE         88: IF: instr=0x2147483831, PC=0x800001c8 (#88)
TRACE         89: WB: (#85)
TRACE         89: MEM: result=0x800001ec (#86)
TRACE         89: EX: result=0x5 (#87)
TRACE         89: ID: LUI x1, 0x80000000, alu_op=ADD, br_op=NONE, exe_flags={use_rd=1, use_rs1=0, use_rs2=0, use_imm=1, is_load=0, is_store=0, is_csr=0, is_exit=0, alu_s1_inv=0, alu_s1_rs1=0, alu_s1_PC=0, alu_s2_imm=1} (#88)
TRACE         89: IF: instr=0x1094766739, PC=0x800001cc (#89)
TRACE         90: WB: (#86)
TRACE         90: MEM: result=0x5 (#87)
TRACE         90: EX: result=0x80000000 (#88)
TRACE         90: ID: SRAI x1, x1, 0x14, alu_op=SRA, br_op=NONE, exe_flags={use_rd=1, use_rs1=1, use_rs2=0, use_imm=1, is_load=0, is_store=0, is_csr=0, is_exit=0, alu_s1_inv=0, alu_s1_rs1=0, alu_s1_PC=0, alu_s2_imm=1} (#89)
TRACE         90: Forwarding: x1, data=0x80000000 from EX (#89)
TRACE         90: IF: instr=0x2147484563, PC=0x800001d0 (#90)
TRACE         91: WB: (#87)
TRACE         91: MEM: result=0x80000000 (#88)
TRACE         91: EX: result=0xfffff800 (#89)
TRACE         91: ID: ADDI x7, x0, 0xfffff800, alu_op=ADD, br_op=NONE, exe_flags={use_rd=1, use_rs1=1, use_rs2=0, use_imm=1, is_load=0, is_store=0, is_csr=0, is_exit=0, alu_s1_inv=0, alu_s1_rs1=0, alu_s1_PC=0, alu_s2_imm=1} (#90)
TRACE         91: IF: instr=0x7380067, PC=0x800001d4 (#91)
TRACE         92: WB: (#88)
TRACE         92: MEM: result=0xfffff800 (#89)
TRACE         92: EX: result=0xfffff800 (#90)
TRACE         92: ID: BNE x1, x7, 0x18, alu_op=ADD, br_op=BNE, exe_flags={use_rd=0, use_rs1=1, use_rs2=1, use_imm=1, is_load=0, is_store=0, is_csr=0, is_exit=0, alu_s1_inv=0, alu_s1_rs1=0, alu_s1_PC=1, alu_s2_imm=1} (#91)
TRACE         92: Forwarding: x1, data=0xfffff800 from MEM (#91)
TRACE         92: Forwarding: x7, data=0xfffff800 from EX (#91)
TRACE         92: IF: instr=0x6291859, PC=0x800001d8 (#92)
TRACE         93: WB: (#89)
TRACE         93: MEM: result=0xfffff800 (#90)
TRACE         93: Branch: not-taken, target=0x800001ec (#91)
TRACE         93: EX: result=0x800001ec (#91)
TRACE         93: ID: ADDI x3, x0, 0x6, alu_op=ADD, br_op=NONE, exe_flags={use_rd=1, use_rs1=1, use_rs2=0, use_imm=1, is_load=0, is_store=0, is_csr=0, is_exit=0, alu_s1_inv=0, alu_s1_rs1=0, alu_s1_PC=0, alu_s2_imm=1} (#92)
TRACE         93: IF: instr=0x2147483703, PC=0x800001dc (#93)
TRACE         94: WB: (#90)
TRACE         94: MEM: result=0x800001ec (#91)
TRACE         94: EX: result=0x6 (#92)
TRACE         94: ID: LUI x0, 0x80000000, alu_op=ADD, br_op=NONE, exe_flags={use_rd=1, use_rs1=0, use_rs2=0, use_imm=1, is_load=0, is_store=0, is_csr=0, is_exit=0, alu_s1_inv=0, alu_s1_rs1=0, alu_s1_PC=0, alu_s2_imm=1} (#93)
TRACE         94: IF: instr=0x915, PC=0x800001e0 (#94)
TRACE         95: WB: (#91)
TRACE         95: MEM: result=0x6 (#92)
TRACE         95: EX: result=0x80000000 (#93)
TRACE         95: ID: ADDI x7, x0, 0x0, alu_op=ADD, br_op=NONE, exe_flags={use_rd=1, use_rs1=1, use_rs2=0, use_imm=1, is_load=0, is_store=0, is_csr=0, is_exit=0, alu_s1_inv=0, alu_s1_rs1=0, alu_s1_PC=0, alu_s2_imm=1} (#94)
TRACE         95: IF: instr=0x7345251, PC=0x800001e4 (#95)
TRACE         96: WB: (#92)
TRACE         96: MEM: result=0x80000000 (#93)
TRACE         96: EX: result=0x0 (#94)
TRACE         96: ID: BNE x0, x7, 0x8, alu_op=ADD, br_op=BNE, exe_flags={use_rd=0, use_rs1=1, use_rs2=1, use_imm=1, is_load=0, is_store=0, is_csr=0, is_exit=0, alu_s1_inv=0, alu_s1_rs1=0, alu_s1_PC=1, alu_s2_imm=1} (#95)
TRACE         96: Forwarding: x7, data=0x0 from EX (#95)
TRACE         96: IF: instr=0x36704355, PC=0x800001e8 (#96)
TRACE         97: WB: (#93)
TRACE         97: MEM: result=0x0 (#94)
TRACE         97: Branch: not-taken, target=0x800001ec (#95)
TRACE         97: EX: result=0x800001ec (#95)
TRACE         97: ID: BNE x0, x3, 0x20, alu_op=ADD, br_op=BNE, exe_flags={use_rd=0, use_rs1=1, use_rs2=1, use_imm=1, is_load=0, is_store=0, is_csr=0, is_exit=0, alu_s1_inv=0, alu_s1_rs1=0, alu_s1_PC=1, alu_s2_imm=1} (#96)
TRACE         97: Regfile: addr=3, data=0x6 (#96)
TRACE         97: IF: instr=0x267386895, PC=0x800001ec (#97)
TRACE         98: WB: (#94)
TRACE         98: MEM: result=0x800001ec (#95)
TRACE         98: *** Branch misprediction: (#96)
TRACE         98: Branch: taken, target=0x80000208 (#96)
TRACE         98: EX: result=0x80000208 (#96)
TRACE         98: IF: instr=0x267386895, PC=0x80000208 (#98)
TRACE         99: WB: (#95)
TRACE         99: MEM: result=0x80000208 (#96)
TRACE         99: ID: FENCE, alu_op=NONE, br_op=NONE, exe_flags={use_rd=0, use_rs1=0, use_rs2=0, use_imm=0, is_load=0, is_store=0, is_csr=0, is_exit=0, alu_s1_inv=0, alu_s1_rs1=0, alu_s1_PC=0, alu_s2_imm=0} (#98)
TRACE         99: IF: instr=0x1048979, PC=0x8000020c (#99)
TRACE        100: WB: (#96)
TRACE        100: EX: result=0x0 (#98)
TRACE        100: ID: ADDI x3, x0, 0x1, alu_op=ADD, br_op=NONE, exe_flags={use_rd=1, use_rs1=1, use_rs2=0, use_imm=1, is_load=0, is_store=0, is_csr=0, is_exit=0, alu_s1_inv=0, alu_s1_rs1=0, alu_s1_PC=0, alu_s2_imm=1} (#99)
TRACE        100: IF: instr=0x97519763, PC=0x80000210 (#100)
TRACE        101: MEM: result=0x0 (#98)
TRACE        101: EX: result=0x1 (#99)
TRACE        101: ID: ADDI x17, x0, 0x5d, alu_op=ADD, br_op=NONE, exe_flags={use_rd=1, use_rs1=1, use_rs2=0, use_imm=1, is_load=0, is_store=0, is_csr=0, is_exit=0, alu_s1_inv=0, alu_s1_rs1=0, alu_s1_PC=0, alu_s2_imm=1} (#100)
TRACE        101: IF: instr=0x1299, PC=0x80000214 (#101)
TRACE        102: WB: (#98)
TRACE        102: MEM: result=0x1 (#99)
TRACE        102: EX: result=0x5d (#100)
TRACE        102: ID: ADDI x10, x0, 0x0, alu_op=ADD, br_op=NONE, exe_flags={use_rd=1, use_rs1=1, use_rs2=0, use_imm=1, is_load=0, is_store=0, is_csr=0, is_exit=0, alu_s1_inv=0, alu_s1_rs1=0, alu_s1_PC=0, alu_s2_imm=1} (#101)
TRACE        102: IF: instr=0x115, PC=0x80000218 (#102)
TRACE        103: WB: (#99)
TRACE        103: MEM: result=0x5d (#100)
TRACE        103: EX: result=0x0 (#101)
TRACE        103: ID: ECALL 0x0, alu_op=ADD, br_op=NONE, exe_flags={use_rd=0, use_rs1=0, use_rs2=0, use_imm=1, is_load=0, is_store=0, is_csr=0, is_exit=1, alu_s1_inv=0, alu_s1_rs1=0, alu_s1_PC=0, alu_s2_imm=0} (#102)
TRACE        104: WB: (#100)
TRACE        104: MEM: result=0x0 (#101)
TRACE        104: EX: result=0x0 (#102)
TRACE        105: WB: (#101)
TRACE        105: MEM: result=0x0 (#102)
TRACE        106: WB: (#102)
PASSED!
PERF: instrs=100, cycles=107
