Running rv32ui-p-jalr.hex..
TRACE          0: IF: instr=0x83886191, PC=0x80000000 (#0)
TRACE          1: ID: JAL x0, 0x50, alu_op=ADD, br_op=JAL, exe_flags={use_rd=1, use_rs1=0, use_rs2=0, use_imm=1, is_load=0, is_store=0, is_csr=0, is_exit=0, alu_s1_inv=0, alu_s1_rs1=0, alu_s1_PC=1, alu_s2_imm=1} (#0)
TRACE          1: IF: instr=0x147, PC=0x80000050 (#1)
TRACE          2: Branch: taken, target=0x80000050 (#0)
TRACE          2: EX: result=0x80000004 (#0)
TRACE          2: ID: ADDI x1, x0, 0x0, alu_op=ADD, br_op=NONE, exe_flags={use_rd=1, use_rs1=1, use_rs2=0, use_imm=1, is_load=0, is_store=0, is_csr=0, is_exit=0, alu_s1_inv=0, alu_s1_rs1=0, alu_s1_PC=0, alu_s2_imm=1} (#1)
TRACE          2: IF: instr=0x275, PC=0x80000054 (#2)
TRACE          3: MEM: result=0x80000004 (#0)
TRACE          3: EX: result=0x0 (#1)
TRACE          3: ID: ADDI x2, x0, 0x0, alu_op=ADD, br_op=NONE, exe_flags={use_rd=1, use_rs1=1, use_rs2=0, use_imm=1, is_load=0, is_store=0, is_csr=0, is_exit=0, alu_s1_inv=0, alu_s1_rs1=0, alu_s1_PC=0, alu_s2_imm=1} (#2)
TRACE          3: IF: instr=0x403, PC=0x80000058 (#3)
TRACE          4: WB: (#0)
TRACE          4: MEM: result=0x0 (#1)
TRACE          4: EX: result=0x0 (#2)
TRACE          4: ID: ADDI x3, x0, 0x0, alu_op=ADD, br_op=NONE, exe_flags={use_rd=1, use_rs1=1, use_rs2=0, use_imm=1, is_load=0, is_store=0, is_csr=0, is_exit=0, alu_s1_inv=0, alu_s1_rs1=0, alu_s1_PC=0, alu_s2_imm=1} (#3)
TRACE          4: IF: instr=0x531, PC=0x8000005c (#4)
TRACE          5: WB: (#1)
TRACE          5: MEM: result=0x0 (#2)
TRACE          5: EX: result=0x0 (#3)
TRACE          5: ID: ADDI x4, x0, 0x0, alu_op=ADD, br_op=NONE, exe_flags={use_rd=1, use_rs1=1, use_rs2=0, use_imm=1, is_load=0, is_store=0, is_csr=0, is_exit=0, alu_s1_inv=0, alu_s1_rs1=0, alu_s1_PC=0, alu_s2_imm=1} (#4)
TRACE          5: IF: instr=0x659, PC=0x80000060 (#5)
TRACE          6: WB: (#2)
TRACE          6: MEM: result=0x0 (#3)
TRACE          6: EX: result=0x0 (#4)
TRACE          6: ID: ADDI x5, x0, 0x0, alu_op=ADD, br_op=NONE, exe_flags={use_rd=1, use_rs1=1, use_rs2=0, use_imm=1, is_load=0, is_store=0, is_csr=0, is_exit=0, alu_s1_inv=0, alu_s1_rs1=0, alu_s1_PC=0, alu_s2_imm=1} (#5)
TRACE          6: IF: instr=0x787, PC=0x80000064 (#6)
TRACE          7: WB: (#3)
TRACE          7: MEM: result=0x0 (#4)
TRACE          7: EX: result=0x0 (#5)
TRACE          7: ID: ADDI x6, x0, 0x0, alu_op=ADD, br_op=NONE, exe_flags={use_rd=1, use_rs1=1, use_rs2=0, use_imm=1, is_load=0, is_store=0, is_csr=0, is_exit=0, alu_s1_inv=0, alu_s1_rs1=0, alu_s1_PC=0, alu_s2_imm=1} (#6)
TRACE          7: IF: instr=0x915, PC=0x80000068 (#7)
TRACE          8: WB: (#4)
TRACE          8: MEM: result=0x0 (#5)
TRACE          8: EX: result=0x0 (#6)
TRACE          8: ID: ADDI x7, x0, 0x0, alu_op=ADD, br_op=NONE, exe_flags={use_rd=1, use_rs1=1, use_rs2=0, use_imm=1, is_load=0, is_store=0, is_csr=0, is_exit=0, alu_s1_inv=0, alu_s1_rs1=0, alu_s1_PC=0, alu_s2_imm=1} (#7)
TRACE          8: IF: instr=0x1043, PC=0x8000006c (#8)
TRACE          9: WB: (#5)
TRACE          9: MEM: result=0x0 (#6)
TRACE          9: EX: result=0x0 (#7)
TRACE          9: ID: ADDI x8, x0, 0x0, alu_op=ADD, br_op=NONE, exe_flags={use_rd=1, use_rs1=1, use_rs2=0, use_imm=1, is_load=0, is_store=0, is_csr=0, is_exit=0, alu_s1_inv=0, alu_s1_rs1=0, alu_s1_PC=0, alu_s2_imm=1} (#8)
TRACE          9: IF: instr=0x1171, PC=0x80000070 (#9)
TRACE         10: WB: (#6)
TRACE         10: MEM: result=0x0 (#7)
TRACE         10: EX: result=0x0 (#8)
TRACE         10: ID: ADDI x9, x0, 0x0, alu_op=ADD, br_op=NONE, exe_flags={use_rd=1, use_rs1=1, use_rs2=0, use_imm=1, is_load=0, is_store=0, is_csr=0, is_exit=0, alu_s1_inv=0, alu_s1_rs1=0, alu_s1_PC=0, alu_s2_imm=1} (#9)
TRACE         10: IF: instr=0x1299, PC=0x80000074 (#10)
TRACE         11: WB: (#7)
TRACE         11: MEM: result=0x0 (#8)
TRACE         11: EX: result=0x0 (#9)
TRACE         11: ID: ADDI x10, x0, 0x0, alu_op=ADD, br_op=NONE, exe_flags={use_rd=1, use_rs1=1, use_rs2=0, use_imm=1, is_load=0, is_store=0, is_csr=0, is_exit=0, alu_s1_inv=0, alu_s1_rs1=0, alu_s1_PC=0, alu_s2_imm=1} (#10)
TRACE         11: IF: instr=0x1427, PC=0x80000078 (#11)
TRACE         12: WB: (#8)
TRACE         12: MEM: result=0x0 (#9)
TRACE         12: EX: result=0x0 (#10)
TRACE         12: ID: ADDI x11, x0, 0x0, alu_op=ADD, br_op=NONE, exe_flags={use_rd=1, use_rs1=1, use_rs2=0, use_imm=1, is_load=0, is_store=0, is_csr=0, is_exit=0, alu_s1_inv=0, alu_s1_rs1=0, alu_s1_PC=0, alu_s2_imm=1} (#11)
TRACE         12: IF: instr=0x1555, PC=0x8000007c (#12)
TRACE         13: WB: (#9)
TRACE         13: MEM: result=0x0 (#10)
TRACE         13: EX: result=0x0 (#11)
TRACE         13: ID: ADDI x12, x0, 0x0, alu_op=ADD, br_op=NONE, exe_flags={use_rd=1, use_rs1=1, use_rs2=0, use_imm=1, is_load=0, is_store=0, is_csr=0, is_exit=0, alu_s1_inv=0, alu_s1_rs1=0, alu_s1_PC=0, alu_s2_imm=1} (#12)
TRACE         13: IF: instr=0x1683, PC=0x80000080 (#13)
TRACE         14: WB: (#10)
TRACE         14: MEM: result=0x0 (#11)
TRACE         14: EX: result=0x0 (#12)
TRACE         14: ID: ADDI x13, x0, 0x0, alu_op=ADD, br_op=NONE, exe_flags={use_rd=1, use_rs1=1, use_rs2=0, use_imm=1, is_load=0, is_store=0, is_csr=0, is_exit=0, alu_s1_inv=0, alu_s1_rs1=0, alu_s1_PC=0, alu_s2_imm=1} (#13)
TRACE         14: IF: instr=0x1811, PC=0x80000084 (#14)
TRACE         15: WB: (#11)
TRACE         15: MEM: result=0x0 (#12)
TRACE         15: EX: result=0x0 (#13)
TRACE         15: ID: ADDI x14, x0, 0x0, alu_op=ADD, br_op=NONE, exe_flags={use_rd=1, use_rs1=1, use_rs2=0, use_imm=1, is_load=0, is_store=0, is_csr=0, is_exit=0, alu_s1_inv=0, alu_s1_rs1=0, alu_s1_PC=0, alu_s2_imm=1} (#14)
TRACE         15: IF: instr=0x1939, PC=0x80000088 (#15)
TRACE         16: WB: (#12)
TRACE         16: MEM: result=0x0 (#13)
TRACE         16: EX: result=0x0 (#14)
TRACE         16: ID: ADDI x15, x0, 0x0, alu_op=ADD, br_op=NONE, exe_flags={use_rd=1, use_rs1=1, use_rs2=0, use_imm=1, is_load=0, is_store=0, is_csr=0, is_exit=0, alu_s1_inv=0, alu_s1_rs1=0, alu_s1_PC=0, alu_s2_imm=1} (#15)
TRACE         16: IF: instr=0x2067, PC=0x8000008c (#16)
TRACE         17: WB: (#13)
TRACE         17: MEM: result=0x0 (#14)
TRACE         17: EX: result=0x0 (#15)
TRACE         17: ID: ADDI x16, x0, 0x0, alu_op=ADD, br_op=NONE, exe_flags={use_rd=1, use_rs1=1, use_rs2=0, use_imm=1, is_load=0, is_store=0, is_csr=0, is_exit=0, alu_s1_inv=0, alu_s1_rs1=0, alu_s1_PC=0, alu_s2_imm=1} (#16)
TRACE         17: IF: instr=0x2195, PC=0x80000090 (#17)
TRACE         18: WB: (#14)
TRACE         18: MEM: result=0x0 (#15)
TRACE         18: EX: result=0x0 (#16)
TRACE         18: ID: ADDI x17, x0, 0x0, alu_op=ADD, br_op=NONE, exe_flags={use_rd=1, use_rs1=1, use_rs2=0, use_imm=1, is_load=0, is_store=0, is_csr=0, is_exit=0, alu_s1_inv=0, alu_s1_rs1=0, alu_s1_PC=0, alu_s2_imm=1} (#17)
TRACE         18: IF: instr=0x2323, PC=0x80000094 (#18)
TRACE         19: WB: (#15)
TRACE         19: MEM: result=0x0 (#16)
TRACE         19: EX: result=0x0 (#17)
TRACE         19: ID: ADDI x18, x0, 0x0, alu_op=ADD, br_op=NONE, exe_flags={use_rd=1, use_rs1=1, use_rs2=0, use_imm=1, is_load=0, is_store=0, is_csr=0, is_exit=0, alu_s1_inv=0, alu_s1_rs1=0, alu_s1_PC=0, alu_s2_imm=1} (#18)
TRACE         19: IF: instr=0x2451, PC=0x80000098 (#19)
TRACE         20: WB: (#16)
TRACE         20: MEM: result=0x0 (#17)
TRACE         20: EX: result=0x0 (#18)
TRACE         20: ID: ADDI x19, x0, 0x0, alu_op=ADD, br_op=NONE, exe_flags={use_rd=1, use_rs1=1, use_rs2=0, use_imm=1, is_load=0, is_store=0, is_csr=0, is_exit=0, alu_s1_inv=0, alu_s1_rs1=0, alu_s1_PC=0, alu_s2_imm=1} (#19)
TRACE         20: IF: instr=0x2579, PC=0x8000009c (#20)
TRACE         21: WB: (#17)
TRACE         21: MEM: result=0x0 (#18)
TRACE         21: EX: result=0x0 (#19)
TRACE         21: ID: ADDI x20, x0, 0x0, alu_op=ADD, br_op=NONE, exe_flags={use_rd=1, use_rs1=1, use_rs2=0, use_imm=1, is_load=0, is_store=0, is_csr=0, is_exit=0, alu_s1_inv=0, alu_s1_rs1=0, alu_s1_PC=0, alu_s2_imm=1} (#20)
TRACE         21: IF: instr=0x2707, PC=0x800000a0 (#21)
TRACE         22: WB: (#18)
TRACE         22: MEM: result=0x0 (#19)
TRACE         22: EX: result=0x0 (#20)
TRACE         22: ID: ADDI x21, x0, 0x0, alu_op=ADD, br_op=NONE, exe_flags={use_rd=1, use_rs1=1, use_rs2=0, use_imm=1, is_load=0, is_store=0, is_csr=0, is_exit=0, alu_s1_inv=0, alu_s1_rs1=0, alu_s1_PC=0, alu_s2_imm=1} (#21)
TRACE         22: IF: instr=0x2835, PC=0x800000a4 (#22)
TRACE         23: WB: (#19)
TRACE         23: MEM: result=0x0 (#20)
TRACE         23: EX: result=0x0 (#21)
TRACE         23: ID: ADDI x22, x0, 0x0, alu_op=ADD, br_op=NONE, exe_flags={use_rd=1, use_rs1=1, use_rs2=0, use_imm=1, is_load=0, is_store=0, is_csr=0, is_exit=0, alu_s1_inv=0, alu_s1_rs1=0, alu_s1_PC=0, alu_s2_imm=1} (#22)
TRACE         23: IF: instr=0x2963, PC=0x800000a8 (#23)
TRACE         24: WB: (#20)
TRACE         24: MEM: result=0x0 (#21)
TRACE         24: EX: result=0x0 (#22)
TRACE         24: ID: ADDI x23, x0, 0x0, alu_op=ADD, br_op=NONE, exe_flags={use_rd=1, use_rs1=1, use_rs2=0, use_imm=1, is_load=0, is_store=0, is_csr=0, is_exit=0, alu_s1_inv=0, alu_s1_rs1=0, alu_s1_PC=0, alu_s2_imm=1} (#23)
TRACE         24: IF: instr=0x3091, PC=0x800000ac (#24)
TRACE         25: WB: (#21)
TRACE         25: MEM: result=0x0 (#22)
TRACE         25: EX: result=0x0 (#23)
TRACE         25: ID: ADDI x24, x0, 0x0, alu_op=ADD, br_op=NONE, exe_flags={use_rd=1, use_rs1=1, use_rs2=0, use_imm=1, is_load=0, is_store=0, is_csr=0, is_exit=0, alu_s1_inv=0, alu_s1_rs1=0, alu_s1_PC=0, alu_s2_imm=1} (#24)
TRACE         25: IF: instr=0x3219, PC=0x800000b0 (#25)
TRACE         26: WB: (#22)
TRACE         26: MEM: result=0x0 (#23)
TRACE         26: EX: result=0x0 (#24)
TRACE         26: ID: ADDI x25, x0, 0x0, alu_op=ADD, br_op=NONE, exe_flags={use_rd=1, use_rs1=1, use_rs2=0, use_imm=1, is_load=0, is_store=0, is_csr=0, is_exit=0, alu_s1_inv=0, alu_s1_rs1=0, alu_s1_PC=0, alu_s2_imm=1} (#25)
TRACE         26: IF: instr=0x3347, PC=0x800000b4 (#26)
TRACE         27: WB: (#23)
TRACE         27: MEM: result=0x0 (#24)
TRACE         27: EX: result=0x0 (#25)
TRACE         27: ID: ADDI x26, x0, 0x0, alu_op=ADD, br_op=NONE, exe_flags={use_rd=1, use_rs1=1, use_rs2=0, use_imm=1, is_load=0, is_store=0, is_csr=0, is_exit=0, alu_s1_inv=0, alu_s1_rs1=0, alu_s1_PC=0, alu_s2_imm=1} (#26)
TRACE         27: IF: instr=0x3475, PC=0x800000b8 (#27)
TRACE         28: WB: (#24)
TRACE         28: MEM: result=0x0 (#25)
TRACE         28: EX: result=0x0 (#26)
TRACE         28: ID: ADDI x27, x0, 0x0, alu_op=ADD, br_op=NONE, exe_flags={use_rd=1, use_rs1=1, use_rs2=0, use_imm=1, is_load=0, is_store=0, is_csr=0, is_exit=0, alu_s1_inv=0, alu_s1_rs1=0, alu_s1_PC=0, alu_s2_imm=1} (#27)
TRACE         28: IF: instr=0x3603, PC=0x800000bc (#28)
TRACE         29: WB: (#25)
TRACE         29: MEM: result=0x0 (#26)
TRACE         29: EX: result=0x0 (#27)
TRACE         29: ID: ADDI x28, x0, 0x0, alu_op=ADD, br_op=NONE, exe_flags={use_rd=1, use_rs1=1, use_rs2=0, use_imm=1, is_load=0, is_store=0, is_csr=0, is_exit=0, alu_s1_inv=0, alu_s1_rs1=0, alu_s1_PC=0, alu_s2_imm=1} (#28)
TRACE         29: IF: instr=0x3731, PC=0x800000c0 (#29)
TRACE         30: WB: (#26)
TRACE         30: MEM: result=0x0 (#27)
TRACE         30: EX: result=0x0 (#28)
TRACE         30: ID: ADDI x29, x0, 0x0, alu_op=ADD, br_op=NONE, exe_flags={use_rd=1, use_rs1=1, use_rs2=0, use_imm=1, is_load=0, is_store=0, is_csr=0, is_exit=0, alu_s1_inv=0, alu_s1_rs1=0, alu_s1_PC=0, alu_s2_imm=1} (#29)
TRACE         30: IF: instr=0x3859, PC=0x800000c4 (#30)
TRACE         31: WB: (#27)
TRACE         31: MEM: result=0x0 (#28)
TRACE         31: EX: result=0x0 (#29)
TRACE         31: ID: ADDI x30, x0, 0x0, alu_op=ADD, br_op=NONE, exe_flags={use_rd=1, use_rs1=1, use_rs2=0, use_imm=1, is_load=0, is_store=0, is_csr=0, is_exit=0, alu_s1_inv=0, alu_s1_rs1=0, alu_s1_PC=0, alu_s2_imm=1} (#30)
TRACE         31: IF: instr=0x3987, PC=0x800000c8 (#31)
TRACE         32: WB: (#28)
TRACE         32: MEM: result=0x0 (#29)
TRACE         32: EX: result=0x0 (#30)
TRACE         32: ID: ADDI x31, x0, 0x0, alu_op=ADD, br_op=NONE, exe_flags={use_rd=1, use_rs1=1, use_rs2=0, use_imm=1, is_load=0, is_store=0, is_csr=0, is_exit=0, alu_s1_inv=0, alu_s1_rs1=0, alu_s1_PC=0, alu_s2_imm=1} (#31)
TRACE         32: IF: instr=0x4047512947, PC=0x800000cc (#32)
TRACE         33: WB: (#29)
TRACE         33: MEM: result=0x0 (#30)
TRACE         33: EX: result=0x0 (#31)
TRACE         33: ID: CSRRS x10, x0, 0xf14, alu_op=OR, br_op=NONE, exe_flags={use_rd=1, use_rs1=1, use_rs2=0, use_imm=1, is_load=0, is_store=0, is_csr=1, is_exit=0, alu_s1_inv=0, alu_s1_rs1=0, alu_s1_PC=0, alu_s2_imm=0} (#32)
TRACE         33: CSR: addr=0xf14, data=0x0 (#32)
TRACE         33: IF: instr=0x331875, PC=0x800000d0 (#33)
TRACE         34: WB: (#30)
TRACE         34: MEM: result=0x0 (#31)
TRACE         34: EX: result=0x0 (#32)
TRACE         34: ID: BNE x10, x0, 0x0, alu_op=ADD, br_op=BNE, exe_flags={use_rd=0, use_rs1=1, use_rs2=1, use_imm=1, is_load=0, is_store=0, is_csr=0, is_exit=0, alu_s1_inv=0, alu_s1_rs1=0, alu_s1_PC=1, alu_s2_imm=1} (#33)
TRACE         34: Forwarding: x10, data=0x0 from EX (#33)
TRACE         34: IF: instr=0x663, PC=0x800000d4 (#34)
TRACE         35: WB: (#31)
TRACE         35: MEM: result=0x0 (#32)
TRACE         35: Branch: not-taken, target=0x800000d0 (#33)
TRACE         35: EX: result=0x800000d0 (#33)
TRACE         35: ID: AUIPC x5, 0x0, alu_op=ADD, br_op=NONE, exe_flags={use_rd=1, use_rs1=0, use_rs2=0, use_imm=1, is_load=0, is_store=0, is_csr=0, is_exit=0, alu_s1_inv=0, alu_s1_rs1=0, alu_s1_PC=1, alu_s2_imm=1} (#34)
TRACE         35: IF: instr=0x16941715, PC=0x800000d8 (#35)
TRACE         36: WB: (#32)
TRACE         36: MEM: result=0x800000d0 (#33)
TRACE         36: EX: result=0x800000d4 (#34)
TRACE         36: ID: ADDI x5, x5, 0x10, alu_op=ADD, br_op=NONE, exe_flags={use_rd=1, use_rs1=1, use_rs2=0, use_imm=1, is_load=0, is_store=0, is_csr=0, is_exit=0, alu_s1_inv=0, alu_s1_rs1=0, alu_s1_PC=0, alu_s2_imm=1} (#35)
TRACE         36: Forwarding: x5, data=0x800000d4 from EX (#35)
TRACE         36: IF: instr=0x810717299, PC=0x800000dc (#36)
TRACE         37: WB: (#33)
TRACE         37: MEM: result=0x800000d4 (#34)
TRACE         37: EX: result=0x800000e4 (#35)
TRACE         37: ID: CSRRW x0, x5, 0x305, alu_op=ADD, br_op=NONE, exe_flags={use_rd=1, use_rs1=1, use_rs2=0, use_imm=1, is_load=0, is_store=0, is_csr=1, is_exit=0, alu_s1_inv=0, alu_s1_rs1=0, alu_s1_PC=0, alu_s2_imm=0} (#36)
TRACE         37: Forwarding: x5, data=0x800000e4 from EX (#36)
TRACE         37: CSR: addr=0x305, data=0x0 (#36)
TRACE         37: IF: instr=0x1950634099, PC=0x800000e0 (#37)
TRACE         38: WB: (#34)
TRACE         38: MEM: result=0x800000e4 (#35)
TRACE         38: EX: result=0x800000e4 (#36)
TRACE         38: ID: CSRRWI x0, 0x744, alu_op=ADD, br_op=NONE, exe_flags={use_rd=1, use_rs1=0, use_rs2=0, use_imm=1, is_load=0, is_store=0, is_csr=1, is_exit=0, alu_s1_inv=0, alu_s1_rs1=1, alu_s1_PC=0, alu_s2_imm=0} (#37)
TRACE         38: CSR: addr=0x744, data=0x0 (#37)
TRACE         38: IF: instr=0x663, PC=0x800000e4 (#38)
TRACE         39: WB: (#35)
TRACE         39: MEM: result=0x0 (#36)
TRACE         39: EX: result=0x8 (#37)
TRACE         39: ID: AUIPC x5, 0x0, alu_op=ADD, br_op=NONE, exe_flags={use_rd=1, use_rs1=0, use_rs2=0, use_imm=1, is_load=0, is_store=0, is_csr=0, is_exit=0, alu_s1_inv=0, alu_s1_rs1=0, alu_s1_PC=1, alu_s2_imm=1} (#38)
TRACE         39: IF: instr=0x16941715, PC=0x800000e8 (#39)
TRACE         40: WB: (#36)
TRACE         40: MEM: result=0x0 (#37)
TRACE         40: EX: result=0x800000e4 (#38)
TRACE         40: ID: ADDI x5, x5, 0x10, alu_op=ADD, br_op=NONE, exe_flags={use_rd=1, use_rs1=1, use_rs2=0, use_imm=1, is_load=0, is_store=0, is_csr=0, is_exit=0, alu_s1_inv=0, alu_s1_rs1=0, alu_s1_PC=0, alu_s2_imm=1} (#39)
TRACE         40: Forwarding: x5, data=0x800000e4 from EX (#39)
TRACE         40: IF: instr=0x810717299, PC=0x800000ec (#40)
TRACE         41: WB: (#37)
TRACE         41: MEM: result=0x800000e4 (#38)
TRACE         41: EX: result=0x800000f4 (#39)
TRACE         41: ID: CSRRW x0, x5, 0x305, alu_op=ADD, br_op=NONE, exe_flags={use_rd=1, use_rs1=1, use_rs2=0, use_imm=1, is_load=0, is_store=0, is_csr=1, is_exit=0, alu_s1_inv=0, alu_s1_rs1=0, alu_s1_PC=0, alu_s2_imm=0} (#40)
TRACE         41: Forwarding: x5, data=0x800000f4 from EX (#40)
TRACE         41: CSR: addr=0x305, data=0x0 (#40)
TRACE         41: IF: instr=0x402673779, PC=0x800000f0 (#41)
TRACE         42: WB: (#38)
TRACE         42: MEM: result=0x800000f4 (#39)
TRACE         42: EX: result=0x800000f4 (#40)
TRACE         42: ID: CSRRWI x0, 0x180, alu_op=ADD, br_op=NONE, exe_flags={use_rd=1, use_rs1=0, use_rs2=0, use_imm=1, is_load=0, is_store=0, is_csr=1, is_exit=0, alu_s1_inv=0, alu_s1_rs1=1, alu_s1_PC=0, alu_s2_imm=0} (#41)
TRACE         42: CSR: addr=0x180, data=0x0 (#41)
TRACE         42: IF: instr=0x663, PC=0x800000f4 (#42)
TRACE         43: WB: (#39)
TRACE         43: MEM: result=0x0 (#40)
TRACE         43: EX: result=0x0 (#41)
TRACE         43: ID: AUIPC x5, 0x0, alu_op=ADD, br_op=NONE, exe_flags={use_rd=1, use_rs1=0, use_rs2=0, use_imm=1, is_load=0, is_store=0, is_csr=0, is_exit=0, alu_s1_inv=0, alu_s1_rs1=0, alu_s1_PC=1, alu_s2_imm=1} (#42)
TRACE         43: IF: instr=0x33718931, PC=0x800000f8 (#43)
TRACE         44: WB: (#40)
TRACE         44: MEM: result=0x0 (#41)
TRACE         44: EX: result=0x800000f4 (#42)
TRACE         44: ID: ADDI x5, x5, 0x20, alu_op=ADD, br_op=NONE, exe_flags={use_rd=1, use_rs1=1, use_rs2=0, use_imm=1, is_load=0, is_store=0, is_csr=0, is_exit=0, alu_s1_inv=0, alu_s1_rs1=0, alu_s1_PC=0, alu_s2_imm=1} (#43)
TRACE         44: Forwarding: x5, data=0x800000f4 from EX (#43)
TRACE         44: IF: instr=0x810717299, PC=0x800000fc (#44)
TRACE         45: WB: (#41)
TRACE         45: MEM: result=0x800000f4 (#42)
TRACE         45: EX: result=0x80000114 (#43)
TRACE         45: ID: CSRRW x0, x5, 0x305, alu_op=ADD, br_op=NONE, exe_flags={use_rd=1, use_rs1=1, use_rs2=0, use_imm=1, is_load=0, is_store=0, is_csr=1, is_exit=0, alu_s1_inv=0, alu_s1_rs1=0, alu_s1_PC=0, alu_s2_imm=0} (#44)
TRACE         45: Forwarding: x5, data=0x80000114 from EX (#44)
TRACE         45: CSR: addr=0x305, data=0x0 (#44)
TRACE         45: IF: instr=0x2147484343, PC=0x80000100 (#45)
TRACE         46: WB: (#42)
TRACE         46: MEM: result=0x80000114 (#43)
TRACE         46: EX: result=0x80000114 (#44)
TRACE         46: ID: LUI x5, 0x80000000, alu_op=ADD, br_op=NONE, exe_flags={use_rd=1, use_rs1=0, use_rs2=0, use_imm=1, is_load=0, is_store=0, is_csr=0, is_exit=0, alu_s1_inv=0, alu_s1_rs1=0, alu_s1_PC=0, alu_s2_imm=1} (#45)
TRACE         46: IF: instr=0x4294083219, PC=0x80000104 (#46)
TRACE         47: WB: (#43)
TRACE         47: MEM: result=0x0 (#44)
TRACE         47: EX: result=0x80000000 (#45)
TRACE         47: ID: ADDI x5, x5, 0xffffffff, alu_op=ADD, br_op=NONE, exe_flags={use_rd=1, use_rs1=1, use_rs2=0, use_imm=1, is_load=0, is_store=0, is_csr=0, is_exit=0, alu_s1_inv=0, alu_s1_rs1=0, alu_s1_PC=0, alu_s2_imm=1} (#46)
TRACE         47: Forwarding: x5, data=0x80000000 from EX (#46)
TRACE         47: IF: instr=0x990023795, PC=0x80000108 (#47)
TRACE         48: WB: (#44)
TRACE         48: MEM: result=0x80000000 (#45)
TRACE         48: EX: result=0x7fffffff (#46)
TRACE         48: ID: CSRRW x0, x5, 0x3b0, alu_op=ADD, br_op=NONE, exe_flags={use_rd=1, use_rs1=1, use_rs2=0, use_imm=1, is_load=0, is_store=0, is_csr=1, is_exit=0, alu_s1_inv=0, alu_s1_rs1=0, alu_s1_PC=0, alu_s2_imm=0} (#47)
TRACE         48: Forwarding: x5, data=0x7fffffff from EX (#47)
TRACE         48: CSR: addr=0x3b0, data=0x0 (#47)
TRACE         48: IF: instr=0x32506515, PC=0x8000010c (#48)
TRACE         49: WB: (#45)
TRACE         49: MEM: result=0x7fffffff (#46)
TRACE         49: EX: result=0x7fffffff (#47)
TRACE         49: ID: ADDI x5, x0, 0x1f, alu_op=ADD, br_op=NONE, exe_flags={use_rd=1, use_rs1=1, use_rs2=0, use_imm=1, is_load=0, is_store=0, is_csr=0, is_exit=0, alu_s1_inv=0, alu_s1_rs1=0, alu_s1_PC=0, alu_s2_imm=1} (#48)
TRACE         49: IF: instr=0x973246579, PC=0x80000110 (#49)
TRACE         50: WB: (#46)
TRACE         50: MEM: result=0x0 (#47)
TRACE         50: EX: result=0x1f (#48)
TRACE         50: ID: CSRRW x0, x5, 0x3a0, alu_op=ADD, br_op=NONE, exe_flags={use_rd=1, use_rs1=1, use_rs2=0, use_imm=1, is_load=0, is_store=0, is_csr=1, is_exit=0, alu_s1_inv=0, alu_s1_rs1=0, alu_s1_PC=0, alu_s2_imm=0} (#49)
TRACE         50: Forwarding: x5, data=0x1f from EX (#49)
TRACE         50: CSR: addr=0x3a0, data=0x0 (#49)
TRACE         50: IF: instr=0x809521267, PC=0x80000114 (#50)
TRACE         51: WB: (#47)
TRACE         51: MEM: result=0x1f (#48)
TRACE         51: EX: result=0x1f (#49)
TRACE         51: ID: CSRRWI x0, 0x304, alu_op=ADD, br_op=NONE, exe_flags={use_rd=1, use_rs1=0, use_rs2=0, use_imm=1, is_load=0, is_store=0, is_csr=1, is_exit=0, alu_s1_inv=0, alu_s1_rs1=1, alu_s1_PC=0, alu_s2_imm=0} (#50)
TRACE         51: CSR: addr=0x304, data=0x0 (#50)
TRACE         51: IF: instr=0x663, PC=0x80000118 (#51)
TRACE         52: WB: (#48)
TRACE         52: MEM: result=0x0 (#49)
TRACE         52: EX: result=0x0 (#50)
TRACE         52: ID: AUIPC x5, 0x0, alu_op=ADD, br_op=NONE, exe_flags={use_rd=1, use_rs1=0, use_rs2=0, use_imm=1, is_load=0, is_store=0, is_csr=0, is_exit=0, alu_s1_inv=0, alu_s1_rs1=0, alu_s1_PC=1, alu_s2_imm=1} (#51)
TRACE         52: IF: instr=0x21136019, PC=0x8000011c (#52)
TRACE         53: WB: (#49)
TRACE         53: MEM: result=0x0 (#50)
TRACE         53: EX: result=0x80000118 (#51)
TRACE         53: ID: ADDI x5, x5, 0x14, alu_op=ADD, br_op=NONE, exe_flags={use_rd=1, use_rs1=1, use_rs2=0, use_imm=1, is_load=0, is_store=0, is_csr=0, is_exit=0, alu_s1_inv=0, alu_s1_rs1=0, alu_s1_PC=0, alu_s2_imm=1} (#52)
TRACE         53: Forwarding: x5, data=0x80000118 from EX (#52)
TRACE         53: IF: instr=0x810717299, PC=0x80000120 (#53)
TRACE         54: WB: (#50)
TRACE         54: MEM: result=0x80000118 (#51)
TRACE         54: EX: result=0x8000012c (#52)
TRACE         54: ID: CSRRW x0, x5, 0x305, alu_op=ADD, br_op=NONE, exe_flags={use_rd=1, use_rs1=1, use_rs2=0, use_imm=1, is_load=0, is_store=0, is_csr=1, is_exit=0, alu_s1_inv=0, alu_s1_rs1=0, alu_s1_PC=0, alu_s2_imm=0} (#53)
TRACE         54: Forwarding: x5, data=0x8000012c from EX (#53)
TRACE         54: CSR: addr=0x305, data=0x0 (#53)
TRACE         54: IF: instr=0x807424115, PC=0x80000124 (#54)
TRACE         55: WB: (#51)
TRACE         55: MEM: result=0x8000012c (#52)
TRACE         55: EX: result=0x8000012c (#53)
TRACE         55: ID: CSRRWI x0, 0x302, alu_op=ADD, br_op=NONE, exe_flags={use_rd=1, use_rs1=0, use_rs2=0, use_imm=1, is_load=0, is_store=0, is_csr=1, is_exit=0, alu_s1_inv=0, alu_s1_rs1=1, alu_s1_PC=0, alu_s2_imm=0} (#54)
TRACE         55: CSR: addr=0x302, data=0x0 (#54)
TRACE         55: IF: instr=0x808472691, PC=0x80000128 (#55)
TRACE         56: WB: (#52)
TRACE         56: MEM: result=0x0 (#53)
TRACE         56: EX: result=0x0 (#54)
TRACE         56: ID: CSRRWI x0, 0x303, alu_op=ADD, br_op=NONE, exe_flags={use_rd=1, use_rs1=0, use_rs2=0, use_imm=1, is_load=0, is_store=0, is_csr=1, is_exit=0, alu_s1_inv=0, alu_s1_rs1=1, alu_s1_PC=0, alu_s2_imm=0} (#55)
TRACE         56: CSR: addr=0x303, data=0x0 (#55)
TRACE         56: IF: instr=0x403, PC=0x8000012c (#56)
TRACE         57: WB: (#53)
TRACE         57: MEM: result=0x0 (#54)
TRACE         57: EX: result=0x0 (#55)
TRACE         57: ID: ADDI x3, x0, 0x0, alu_op=ADD, br_op=NONE, exe_flags={use_rd=1, use_rs1=1, use_rs2=0, use_imm=1, is_load=0, is_store=0, is_csr=0, is_exit=0, alu_s1_inv=0, alu_s1_rs1=0, alu_s1_PC=0, alu_s2_imm=1} (#56)
TRACE         57: IF: instr=0x663, PC=0x80000130 (#57)
TRACE         58: WB: (#54)
TRACE         58: MEM: result=0x0 (#55)
TRACE         58: EX: result=0x0 (#56)
TRACE         58: ID: AUIPC x5, 0x0, alu_op=ADD, br_op=NONE, exe_flags={use_rd=1, use_rs1=0, use_rs2=0, use_imm=1, is_load=0, is_store=0, is_csr=0, is_exit=0, alu_s1_inv=0, alu_s1_rs1=0, alu_s1_PC=1, alu_s2_imm=1} (#57)
TRACE         58: IF: instr=0x3980558995, PC=0x80000134 (#58)
TRACE         59: WB: (#55)
TRACE         59: MEM: result=0x0 (#56)
TRACE         59: EX: result=0x80000130 (#57)
TRACE         59: ID: ADDI x5, x5, 0xfffffed4, alu_op=ADD, br_op=NONE, exe_flags={use_rd=1, use_rs1=1, use_rs2=0, use_imm=1, is_load=0, is_store=0, is_csr=0, is_exit=0, alu_s1_inv=0, alu_s1_rs1=0, alu_s1_PC=0, alu_s2_imm=1} (#58)
TRACE         59: Forwarding: x5, data=0x80000130 from EX (#58)
TRACE         59: IF: instr=0x810717299, PC=0x80000138 (#59)
TRACE         60: WB: (#56)
TRACE         60: MEM: result=0x80000130 (#57)
TRACE         60: EX: result=0x80000004 (#58)
TRACE         60: ID: CSRRW x0, x5, 0x305, alu_op=ADD, br_op=NONE, exe_flags={use_rd=1, use_rs1=1, use_rs2=0, use_imm=1, is_load=0, is_store=0, is_csr=1, is_exit=0, alu_s1_inv=0, alu_s1_rs1=0, alu_s1_PC=0, alu_s2_imm=0} (#59)
TRACE         60: Forwarding: x5, data=0x80000004 from EX (#59)
TRACE         60: CSR: addr=0x305, data=0x0 (#59)
TRACE         60: IF: instr=0x1049875, PC=0x8000013c (#60)
TRACE         61: WB: (#57)
TRACE         61: MEM: result=0x80000004 (#58)
TRACE         61: EX: result=0x80000004 (#59)
TRACE         61: ID: ADDI x10, x0, 0x1, alu_op=ADD, br_op=NONE, exe_flags={use_rd=1, use_rs1=1, use_rs2=0, use_imm=1, is_load=0, is_store=0, is_csr=0, is_exit=0, alu_s1_inv=0, alu_s1_rs1=0, alu_s1_PC=0, alu_s2_imm=1} (#60)
TRACE         61: IF: instr=0x32838931, PC=0x80000140 (#61)
TRACE         62: WB: (#58)
TRACE         62: MEM: result=0x0 (#59)
TRACE         62: EX: result=0x1 (#60)
TRACE         62: ID: SLLI x10, x10, 0x1f, alu_op=SLL, br_op=NONE, exe_flags={use_rd=1, use_rs1=1, use_rs2=0, use_imm=1, is_load=0, is_store=0, is_csr=0, is_exit=0, alu_s1_inv=0, alu_s1_rs1=0, alu_s1_PC=0, alu_s2_imm=1} (#61)
TRACE         62: Forwarding: x10, data=0x1 from EX (#61)
TRACE         62: IF: instr=0x347235, PC=0x80000144 (#62)
TRACE         63: WB: (#59)
TRACE         63: MEM: result=0x1 (#60)
TRACE         63: EX: result=0x80000000 (#61)
TRACE         63: ID: BLT x10, x0, 0x18, alu_op=ADD, br_op=BLT, exe_flags={use_rd=0, use_rs1=1, use_rs2=1, use_imm=1, is_load=0, is_store=0, is_csr=0, is_exit=0, alu_s1_inv=0, alu_s1_rs1=0, alu_s1_PC=1, alu_s2_imm=1} (#62)
TRACE         63: Forwarding: x10, data=0x80000000 from EX (#62)
TRACE         63: IF: instr=0x267386895, PC=0x80000148 (#63)
TRACE         64: WB: (#60)
TRACE         64: MEM: result=0x80000000 (#61)
TRACE         64: *** Branch misprediction: (#62)
TRACE         64: Branch: taken, target=0x8000015c (#62)
TRACE         64: EX: result=0x8000015c (#62)
TRACE         64: IF: instr=0x659, PC=0x8000015c (#64)
TRACE         65: WB: (#61)
TRACE         65: MEM: result=0x8000015c (#62)
TRACE         65: ID: ADDI x5, x0, 0x0, alu_op=ADD, br_op=NONE, exe_flags={use_rd=1, use_rs1=1, use_rs2=0, use_imm=1, is_load=0, is_store=0, is_csr=0, is_exit=0, alu_s1_inv=0, alu_s1_rs1=0, alu_s1_PC=0, alu_s2_imm=1} (#64)
TRACE         65: IF: instr=0x166499, PC=0x80000160 (#65)
TRACE         66: WB: (#62)
TRACE         66: EX: result=0x0 (#64)
TRACE         66: ID: BEQ x5, x0, 0x14, alu_op=ADD, br_op=BEQ, exe_flags={use_rd=0, use_rs1=1, use_rs2=1, use_imm=1, is_load=0, is_store=0, is_csr=0, is_exit=0, alu_s1_inv=0, alu_s1_rs1=0, alu_s1_PC=1, alu_s2_imm=1} (#65)
TRACE         66: Forwarding: x5, data=0x0 from EX (#65)
TRACE         66: IF: instr=0x273846387, PC=0x80000164 (#66)
TRACE         67: MEM: result=0x0 (#64)
TRACE         67: *** Branch misprediction: (#65)
TRACE         67: Branch: taken, target=0x80000174 (#65)
TRACE         67: EX: result=0x80000174 (#65)
TRACE         67: IF: instr=0x805326963, PC=0x80000174 (#67)
TRACE         68: WB: (#64)
TRACE         68: MEM: result=0x80000174 (#65)
TRACE         68: ID: CSRRWI x0, 0x300, alu_op=ADD, br_op=NONE, exe_flags={use_rd=1, use_rs1=0, use_rs2=0, use_imm=1, is_load=0, is_store=0, is_csr=1, is_exit=0, alu_s1_inv=0, alu_s1_rs1=1, alu_s1_PC=0, alu_s2_imm=0} (#67)
TRACE         68: CSR: addr=0x300, data=0x0 (#67)
TRACE         68: IF: instr=0x663, PC=0x80000178 (#68)
TRACE         69: WB: (#65)
TRACE         69: EX: result=0x0 (#67)
TRACE         69: ID: AUIPC x5, 0x0, alu_op=ADD, br_op=NONE, exe_flags={use_rd=1, use_rs1=0, use_rs2=0, use_imm=1, is_load=0, is_store=0, is_csr=0, is_exit=0, alu_s1_inv=0, alu_s1_rs1=0, alu_s1_PC=1, alu_s2_imm=1} (#68)
TRACE         69: IF: instr=0x21136019, PC=0x8000017c (#69)
TRACE         70: MEM: result=0x0 (#67)
TRACE         70: EX: result=0x80000178 (#68)
TRACE         70: ID: ADDI x5, x5, 0x14, alu_op=ADD, br_op=NONE, exe_flags={use_rd=1, use_rs1=1, use_rs2=0, use_imm=1, is_load=0, is_store=0, is_csr=0, is_exit=0, alu_s1_inv=0, alu_s1_rs1=0, alu_s1_PC=0, alu_s2_imm=1} (#69)
TRACE         70: Forwarding: x5, data=0x80000178 from EX (#69)
TRACE         70: IF: instr=0x873631859, PC=0x80000180 (#70)
TRACE         71: WB: (#67)
TRACE         71: MEM: result=0x80000178 (#68)
TRACE         71: EX: result=0x8000018c (#69)
TRACE         71: ID: CSRRW x0, x5, 0x341, alu_op=ADD, br_op=NONE, exe_flags={use_rd=1, use_rs1=1, use_rs2=0, use_imm=1, is_load=0, is_store=0, is_csr=1, is_exit=0, alu_s1_inv=0, alu_s1_rs1=0, alu_s1_PC=0, alu_s2_imm=0} (#70)
TRACE         71: Forwarding: x5, data=0x8000018c from EX (#70)
TRACE         71: CSR: addr=0x341, data=0x0 (#70)
TRACE         71: IF: instr=0x4047512947, PC=0x80000184 (#71)
TRACE         72: WB: (#68)
TRACE         72: MEM: result=0x8000018c (#69)
TRACE         72: EX: result=0x8000018c (#70)
TRACE         72: ID: CSRRS x10, x0, 0xf14, alu_op=OR, br_op=NONE, exe_flags={use_rd=1, use_rs1=1, use_rs2=0, use_imm=1, is_load=0, is_store=0, is_csr=1, is_exit=0, alu_s1_inv=0, alu_s1_rs1=0, alu_s1_PC=0, alu_s2_imm=0} (#71)
TRACE         72: CSR: addr=0xf14, data=0x0 (#71)
TRACE         72: IF: instr=0x807403635, PC=0x80000188 (#72)
TRACE         73: WB: (#69)
TRACE         73: MEM: result=0x0 (#70)
TRACE         73: EX: result=0x0 (#71)
TRACE         73: ID: MRET 0x302, alu_op=ADD, br_op=NONE, exe_flags={use_rd=0, use_rs1=0, use_rs2=0, use_imm=1, is_load=0, is_store=0, is_csr=0, is_exit=0, alu_s1_inv=0, alu_s1_rs1=0, alu_s1_PC=0, alu_s2_imm=0} (#72)
TRACE         73: IF: instr=0x2097555, PC=0x8000018c (#73)
TRACE         74: WB: (#70)
TRACE         74: MEM: result=0x0 (#71)
TRACE         74: EX: result=0x0 (#72)
TRACE         74: ID: ADDI x3, x0, 0x2, alu_op=ADD, br_op=NONE, exe_flags={use_rd=1, use_rs1=1, use_rs2=0, use_imm=1, is_load=0, is_store=0, is_csr=0, is_exit=0, alu_s1_inv=0, alu_s1_rs1=0, alu_s1_PC=0, alu_s2_imm=1} (#73)
TRACE         74: IF: instr=0x659, PC=0x80000190 (#74)
TRACE         75: WB: (#71)
TRACE         75: MEM: result=0x0 (#72)
TRACE         75: EX: result=0x2 (#73)
TRACE         75: ID: ADDI x5, x0, 0x0, alu_op=ADD, br_op=NONE, exe_flags={use_rd=1, use_rs1=1, use_rs2=0, use_imm=1, is_load=0, is_store=0, is_csr=0, is_exit=0, alu_s1_inv=0, alu_s1_rs1=0, alu_s1_PC=0, alu_s2_imm=1} (#74)
TRACE         75: IF: instr=0x791, PC=0x80000194 (#75)
TRACE         76: WB: (#72)
TRACE         76: MEM: result=0x2 (#73)
TRACE         76: EX: result=0x0 (#74)
TRACE         76: ID: AUIPC x6, 0x0, alu_op=ADD, br_op=NONE, exe_flags={use_rd=1, use_rs1=0, use_rs2=0, use_imm=1, is_load=0, is_store=0, is_csr=0, is_exit=0, alu_s1_inv=0, alu_s1_rs1=0, alu_s1_PC=1, alu_s2_imm=1} (#75)
TRACE         76: IF: instr=0x16974611, PC=0x80000198 (#76)
TRACE         77: WB: (#73)
TRACE         77: MEM: result=0x0 (#74)
TRACE         77: EX: result=0x80000194 (#75)
TRACE         77: ID: ADDI x6, x6, 0x10, alu_op=ADD, br_op=NONE, exe_flags={use_rd=1, use_rs1=1, use_rs2=0, use_imm=1, is_load=0, is_store=0, is_csr=0, is_exit=0, alu_s1_inv=0, alu_s1_rs1=0, alu_s1_PC=0, alu_s2_imm=1} (#76)
TRACE         77: Forwarding: x6, data=0x80000194 from EX (#76)
TRACE         77: IF: instr=0x197351, PC=0x8000019c (#77)
TRACE         78: WB: (#74)
TRACE         78: MEM: result=0x80000194 (#75)
TRACE         78: EX: result=0x800001a4 (#76)
TRACE         78: ID: JALR x5, x6, 0x0, alu_op=ADD, br_op=JALR, exe_flags={use_rd=1, use_rs1=1, use_rs2=0, use_imm=1, is_load=0, is_store=0, is_csr=0, is_exit=0, alu_s1_inv=0, alu_s1_rs1=0, alu_s1_PC=0, alu_s2_imm=1} (#77)
TRACE         78: Forwarding: x6, data=0x800001a4 from EX (#77)
TRACE         78: IF: instr=0x234881135, PC=0x800001a0 (#78)
TRACE         79: WB: (#75)
TRACE         79: MEM: result=0x800001a4 (#76)
TRACE         79: *** Branch misprediction: (#77)
TRACE         79: Branch: taken, target=0x800001a4 (#77)
TRACE         79: EX: result=0x800001a0 (#77)
TRACE         79: IF: instr=0x791, PC=0x800001a4 (#79)
TRACE         80: WB: (#76)
TRACE         80: MEM: result=0x800001a0 (#77)
TRACE         80: ID: AUIPC x6, 0x0, alu_op=ADD, br_op=NONE, exe_flags={use_rd=1, use_rs1=0, use_rs2=0, use_imm=1, is_load=0, is_store=0, is_csr=0, is_exit=0, alu_s1_inv=0, alu_s1_rs1=0, alu_s1_PC=1, alu_s2_imm=1} (#79)
TRACE         80: IF: instr=0x4290970387, PC=0x800001a8 (#80)
TRACE         81: WB: (#77)
TRACE         81: EX: result=0x800001a4 (#79)
TRACE         81: ID: ADDI x6, x6, 0xfffffffc, alu_op=ADD, br_op=NONE, exe_flags={use_rd=1, use_rs1=1, use_rs2=0, use_imm=1, is_load=0, is_store=0, is_csr=0, is_exit=0, alu_s1_inv=0, alu_s1_rs1=0, alu_s1_PC=0, alu_s2_imm=1} (#80)
TRACE         81: Forwarding: x6, data=0x800001a4 from EX (#80)
TRACE         81: IF: instr=0x207788643, PC=0x800001ac (#81)
TRACE         82: MEM: result=0x800001a4 (#79)
TRACE         82: EX: result=0x800001a0 (#80)
TRACE         82: ID: BNE x5, x6, 0xd4, alu_op=ADD, br_op=BNE, exe_flags={use_rd=0, use_rs1=1, use_rs2=1, use_imm=1, is_load=0, is_store=0, is_csr=0, is_exit=0, alu_s1_inv=0, alu_s1_rs1=0, alu_s1_PC=1, alu_s2_imm=1} (#81)
TRACE         82: Regfile: addr=5, data=0x800001a0 (#81)
TRACE         82: Forwarding: x6, data=0x800001a0 from EX (#81)
TRACE         82: IF: instr=0x3146131, PC=0x800001b0 (#82)
TRACE         83: WB: (#79)
TRACE         83: MEM: result=0x800001a0 (#80)
TRACE         83: Branch: not-taken, target=0x80000280 (#81)
TRACE         83: EX: result=0x80000280 (#81)
TRACE         83: ID: ADDI x3, x0, 0x3, alu_op=ADD, br_op=NONE, exe_flags={use_rd=1, use_rs1=1, use_rs2=0, use_imm=1, is_load=0, is_store=0, is_csr=0, is_exit=0, alu_s1_inv=0, alu_s1_rs1=0, alu_s1_PC=0, alu_s2_imm=1} (#82)
TRACE         83: IF: instr=0x663, PC=0x800001b4 (#83)
TRACE         84: WB: (#80)
TRACE         84: MEM: result=0x80000280 (#81)
TRACE         84: EX: result=0x3 (#82)
TRACE         84: ID: AUIPC x5, 0x0, alu_op=ADD, br_op=NONE, exe_flags={use_rd=1, use_rs1=0, use_rs2=0, use_imm=1, is_load=0, is_store=0, is_csr=0, is_exit=0, alu_s1_inv=0, alu_s1_rs1=0, alu_s1_PC=1, alu_s2_imm=1} (#83)
TRACE         84: IF: instr=0x16941715, PC=0x800001b8 (#84)
TRACE         85: WB: (#81)
TRACE         85: MEM: result=0x3 (#82)
TRACE         85: EX: result=0x800001b4 (#83)
TRACE         85: ID: ADDI x5, x5, 0x10, alu_op=ADD, br_op=NONE, exe_flags={use_rd=1, use_rs1=1, use_rs2=0, use_imm=1, is_load=0, is_store=0, is_csr=0, is_exit=0, alu_s1_inv=0, alu_s1_rs1=0, alu_s1_PC=0, alu_s2_imm=1} (#84)
TRACE         85: Forwarding: x5, data=0x800001b4 from EX (#84)
TRACE         85: IF: instr=0x164583, PC=0x800001bc (#85)
TRACE         86: WB: (#82)
TRACE         86: MEM: result=0x800001b4 (#83)
TRACE         86: EX: result=0x800001c4 (#84)
TRACE         86: ID: JALR x5, x5, 0x0, alu_op=ADD, br_op=JALR, exe_flags={use_rd=1, use_rs1=1, use_rs2=0, use_imm=1, is_load=0, is_store=0, is_csr=0, is_exit=0, alu_s1_inv=0, alu_s1_rs1=0, alu_s1_PC=0, alu_s2_imm=1} (#85)
TRACE         86: Forwarding: x5, data=0x800001c4 from EX (#85)
TRACE         86: IF: instr=0x201326703, PC=0x800001c0 (#86)
TRACE         87: WB: (#83)
TRACE         87: MEM: result=0x800001c4 (#84)
TRACE         87: *** Branch misprediction: (#85)
TRACE         87: Branch: taken, target=0x800001c4 (#85)
TRACE         87: EX: result=0x800001c0 (#85)
TRACE         87: IF: instr=0x791, PC=0x800001c4 (#87)
TRACE         88: WB: (#84)
TRACE         88: MEM: result=0x800001c0 (#85)
TRACE         88: ID: AUIPC x6, 0x0, alu_op=ADD, br_op=NONE, exe_flags={use_rd=1, use_rs1=0, use_rs2=0, use_imm=1, is_load=0, is_store=0, is_csr=0, is_exit=0, alu_s1_inv=0, alu_s1_rs1=0, alu_s1_PC=1, alu_s2_imm=1} (#87)
TRACE         88: IF: instr=0x4290970387, PC=0x800001c8 (#88)
TRACE         89: WB: (#85)
TRACE         89: EX: result=0x800001c4 (#87)
TRACE         89: ID: ADDI x6, x6, 0xfffffffc, alu_op=ADD, br_op=NONE, exe_flags={use_rd=1, use_rs1=1, use_rs2=0, use_imm=1, is_load=0, is_store=0, is_csr=0, is_exit=0, alu_s1_inv=0, alu_s1_rs1=0, alu_s1_PC=0, alu_s2_imm=1} (#88)
TRACE         89: Forwarding: x6, data=0x800001c4 from EX (#88)
TRACE         89: IF: instr=0x174234211, PC=0x800001cc (#89)
TRACE         90: MEM: result=0x800001c4 (#87)
TRACE         90: EX: result=0x800001c0 (#88)
TRACE         90: ID: BNE x5, x6, 0xb4, alu_op=ADD, br_op=BNE, exe_flags={use_rd=0, use_rs1=1, use_rs2=1, use_imm=1, is_load=0, is_store=0, is_csr=0, is_exit=0, alu_s1_inv=0, alu_s1_rs1=0, alu_s1_PC=1, alu_s2_imm=1} (#89)
TRACE         90: Regfile: addr=5, data=0x800001c0 (#89)
TRACE         90: Forwarding: x6, data=0x800001c0 from EX (#89)
TRACE         90: IF: instr=0x4194707, PC=0x800001d0 (#90)
TRACE         91: WB: (#87)
TRACE         91: MEM: result=0x800001c0 (#88)
TRACE         91: Branch: not-taken, target=0x80000280 (#89)
TRACE         91: EX: result=0x80000280 (#89)
TRACE         91: ID: ADDI x3, x0, 0x4, alu_op=ADD, br_op=NONE, exe_flags={use_rd=1, use_rs1=1, use_rs2=0, use_imm=1, is_load=0, is_store=0, is_csr=0, is_exit=0, alu_s1_inv=0, alu_s1_rs1=0, alu_s1_PC=0, alu_s2_imm=1} (#90)
TRACE         91: IF: instr=0x531, PC=0x800001d4 (#91)
TRACE         92: WB: (#88)
TRACE         92: MEM: result=0x80000280 (#89)
TRACE         92: EX: result=0x4 (#90)
TRACE         92: ID: ADDI x4, x0, 0x0, alu_op=ADD, br_op=NONE, exe_flags={use_rd=1, use_rs1=1, use_rs2=0, use_imm=1, is_load=0, is_store=0, is_csr=0, is_exit=0, alu_s1_inv=0, alu_s1_rs1=0, alu_s1_PC=0, alu_s2_imm=1} (#91)
TRACE         92: IF: instr=0x791, PC=0x800001d8 (#92)
TRACE         93: WB: (#89)
TRACE         93: MEM: result=0x4 (#90)
TRACE         93: EX: result=0x0 (#91)
TRACE         93: ID: AUIPC x6, 0x0, alu_op=ADD, br_op=NONE, exe_flags={use_rd=1, use_rs1=0, use_rs2=0, use_imm=1, is_load=0, is_store=0, is_csr=0, is_exit=0, alu_s1_inv=0, alu_s1_rs1=0, alu_s1_PC=1, alu_s2_imm=1} (#92)
TRACE         93: IF: instr=0x16974611, PC=0x800001dc (#93)
TRACE         94: WB: (#90)
TRACE         94: MEM: result=0x0 (#91)
TRACE         94: EX: result=0x800001d8 (#92)
TRACE         94: ID: ADDI x6, x6, 0x10, alu_op=ADD, br_op=NONE, exe_flags={use_rd=1, use_rs1=1, use_rs2=0, use_imm=1, is_load=0, is_store=0, is_csr=0, is_exit=0, alu_s1_inv=0, alu_s1_rs1=0, alu_s1_PC=0, alu_s2_imm=1} (#93)
TRACE         94: Forwarding: x6, data=0x800001d8 from EX (#93)
TRACE         94: IF: instr=0x198375, PC=0x800001e0 (#94)
TRACE         95: WB: (#91)
TRACE         95: MEM: result=0x800001d8 (#92)
TRACE         95: EX: result=0x800001e8 (#93)
TRACE         95: ID: JALR x13, x6, 0x0, alu_op=ADD, br_op=JALR, exe_flags={use_rd=1, use_rs1=1, use_rs2=0, use_imm=1, is_load=0, is_store=0, is_csr=0, is_exit=0, alu_s1_inv=0, alu_s1_rs1=0, alu_s1_PC=0, alu_s2_imm=1} (#94)
TRACE         95: Forwarding: x6, data=0x800001e8 from EX (#94)
TRACE         95: IF: instr=0x137371235, PC=0x800001e4 (#95)
TRACE         96: WB: (#92)
TRACE         96: MEM: result=0x800001e8 (#93)
TRACE         96: *** Branch misprediction: (#94)
TRACE         96: Branch: taken, target=0x800001e8 (#94)
TRACE         96: EX: result=0x800001e4 (#94)
TRACE         96: IF: instr=0x1180179, PC=0x800001e8 (#96)
TRACE         97: WB: (#93)
TRACE         97: MEM: result=0x800001e4 (#94)
TRACE         97: ID: ADDI x4, x4, 0x1, alu_op=ADD, br_op=NONE, exe_flags={use_rd=1, use_rs1=1, use_rs2=0, use_imm=1, is_load=0, is_store=0, is_csr=0, is_exit=0, alu_s1_inv=0, alu_s1_rs1=0, alu_s1_PC=0, alu_s2_imm=1} (#96)
TRACE         97: Regfile: addr=4, data=0x0 (#96)
TRACE         97: IF: instr=0x2097811, PC=0x800001ec (#97)
TRACE         98: WB: (#94)
TRACE         98: EX: result=0x1 (#96)
TRACE         98: ID: ADDI x5, x0, 0x2, alu_op=ADD, br_op=NONE, exe_flags={use_rd=1, use_rs1=1, use_rs2=0, use_imm=1, is_load=0, is_store=0, is_csr=0, is_exit=0, alu_s1_inv=0, alu_s1_rs1=0, alu_s1_PC=0, alu_s2_imm=1} (#97)
TRACE         98: IF: instr=0x4266792163, PC=0x800001f0 (#98)
TRACE         99: MEM: result=0x1 (#96)
TRACE         99: EX: result=0x2 (#97)
TRACE         99: ID: BNE x4, x5, 0xffffffe8, alu_op=ADD, br_op=BNE, exe_flags={use_rd=0, use_rs1=1, use_rs2=1, use_imm=1, is_load=0, is_store=0, is_csr=0, is_exit=0, alu_s1_inv=0, alu_s1_rs1=0, alu_s1_PC=1, alu_s2_imm=1} (#98)
TRACE         99: Forwarding: x4, data=0x1 from MEM (#98)
TRACE         99: Forwarding: x5, data=0x2 from EX (#98)
TRACE         99: IF: instr=0x5243283, PC=0x800001f4 (#99)
TRACE        100: WB: (#96)
TRACE        100: MEM: result=0x2 (#97)
TRACE        100: *** Branch misprediction: (#98)
TRACE        100: Branch: taken, target=0x800001d8 (#98)
TRACE        100: EX: result=0x800001d8 (#98)
TRACE        100: IF: instr=0x791, PC=0x800001d8 (#100)
TRACE        101: WB: (#97)
TRACE        101: MEM: result=0x800001d8 (#98)
TRACE        101: ID: AUIPC x6, 0x0, alu_op=ADD, br_op=NONE, exe_flags={use_rd=1, use_rs1=0, use_rs2=0, use_imm=1, is_load=0, is_store=0, is_csr=0, is_exit=0, alu_s1_inv=0, alu_s1_rs1=0, alu_s1_PC=1, alu_s2_imm=1} (#100)
TRACE        101: IF: instr=0x16974611, PC=0x800001dc (#101)
TRACE        102: WB: (#98)
TRACE        102: EX: result=0x800001d8 (#100)
TRACE        102: ID: ADDI x6, x6, 0x10, alu_op=ADD, br_op=NONE, exe_flags={use_rd=1, use_rs1=1, use_rs2=0, use_imm=1, is_load=0, is_store=0, is_csr=0, is_exit=0, alu_s1_inv=0, alu_s1_rs1=0, alu_s1_PC=0, alu_s2_imm=1} (#101)
TRACE        102: Forwarding: x6, data=0x800001d8 from EX (#101)
TRACE        102: IF: instr=0x198375, PC=0x800001e0 (#102)
TRACE        103: MEM: result=0x800001d8 (#100)
TRACE        103: EX: result=0x800001e8 (#101)
TRACE        103: ID: JALR x13, x6, 0x0, alu_op=ADD, br_op=JALR, exe_flags={use_rd=1, use_rs1=1, use_rs2=0, use_imm=1, is_load=0, is_store=0, is_csr=0, is_exit=0, alu_s1_inv=0, alu_s1_rs1=0, alu_s1_PC=0, alu_s2_imm=1} (#102)
TRACE        103: Forwarding: x6, data=0x800001e8 from EX (#102)
TRACE        103: IF: instr=0x137371235, PC=0x800001e4 (#103)
TRACE        104: WB: (#100)
TRACE        104: MEM: result=0x800001e8 (#101)
TRACE        104: *** Branch misprediction: (#102)
TRACE        104: Branch: taken, target=0x800001e8 (#102)
TRACE        104: EX: result=0x800001e4 (#102)
TRACE        104: IF: instr=0x1180179, PC=0x800001e8 (#104)
TRACE        105: WB: (#101)
TRACE        105: MEM: result=0x800001e4 (#102)
TRACE        105: ID: ADDI x4, x4, 0x1, alu_op=ADD, br_op=NONE, exe_flags={use_rd=1, use_rs1=1, use_rs2=0, use_imm=1, is_load=0, is_store=0, is_csr=0, is_exit=0, alu_s1_inv=0, alu_s1_rs1=0, alu_s1_PC=0, alu_s2_imm=1} (#104)
TRACE        105: Regfile: addr=4, data=0x1 (#104)
TRACE        105: IF: instr=0x2097811, PC=0x800001ec (#105)
TRACE        106: WB: (#102)
TRACE        106: EX: result=0x2 (#104)
TRACE        106: ID: ADDI x5, x0, 0x2, alu_op=ADD, br_op=NONE, exe_flags={use_rd=1, use_rs1=1, use_rs2=0, use_imm=1, is_load=0, is_store=0, is_csr=0, is_exit=0, alu_s1_inv=0, alu_s1_rs1=0, alu_s1_PC=0, alu_s2_imm=1} (#105)
TRACE        106: IF: instr=0x4266792163, PC=0x800001f0 (#106)
TRACE        107: MEM: result=0x2 (#104)
TRACE        107: EX: result=0x2 (#105)
TRACE        107: ID: BNE x4, x5, 0xffffffe8, alu_op=ADD, br_op=BNE, exe_flags={use_rd=0, use_rs1=1, use_rs2=1, use_imm=1, is_load=0, is_store=0, is_csr=0, is_exit=0, alu_s1_inv=0, alu_s1_rs1=0, alu_s1_PC=1, alu_s2_imm=1} (#106)
TRACE        107: Forwarding: x4, data=0x2 from MEM (#106)
TRACE        107: Forwarding: x5, data=0x2 from EX (#106)
TRACE        107: IF: instr=0x5243283, PC=0x800001f4 (#107)
TRACE        108: WB: (#104)
TRACE        108: MEM: result=0x2 (#105)
TRACE        108: Branch: not-taken, target=0x800001d8 (#106)
TRACE        108: EX: result=0x800001d8 (#106)
TRACE        108: ID: ADDI x3, x0, 0x5, alu_op=ADD, br_op=NONE, exe_flags={use_rd=1, use_rs1=1, use_rs2=0, use_imm=1, is_load=0, is_store=0, is_csr=0, is_exit=0, alu_s1_inv=0, alu_s1_rs1=0, alu_s1_PC=0, alu_s2_imm=1} (#107)
TRACE        108: IF: instr=0x531, PC=0x800001f8 (#108)
TRACE        109: WB: (#105)
TRACE        109: MEM: result=0x800001d8 (#106)
TRACE        109: EX: result=0x5 (#107)
TRACE        109: ID: ADDI x4, x0, 0x0, alu_op=ADD, br_op=NONE, exe_flags={use_rd=1, use_rs1=1, use_rs2=0, use_imm=1, is_load=0, is_store=0, is_csr=0, is_exit=0, alu_s1_inv=0, alu_s1_rs1=0, alu_s1_PC=0, alu_s2_imm=1} (#108)
TRACE        109: IF: instr=0x791, PC=0x800001fc (#109)
TRACE        110: WB: (#106)
TRACE        110: MEM: result=0x5 (#107)
TRACE        110: EX: result=0x0 (#108)
TRACE        110: ID: AUIPC x6, 0x0, alu_op=ADD, br_op=NONE, exe_flags={use_rd=1, use_rs1=0, use_rs2=0, use_imm=1, is_load=0, is_store=0, is_csr=0, is_exit=0, alu_s1_inv=0, alu_s1_rs1=0, alu_s1_PC=1, alu_s2_imm=1} (#109)
TRACE        110: IF: instr=0x21168915, PC=0x80000200 (#110)
TRACE        111: WB: (#107)
TRACE        111: MEM: result=0x0 (#108)
TRACE        111: EX: result=0x800001fc (#109)
TRACE        111: ID: ADDI x6, x6, 0x14, alu_op=ADD, br_op=NONE, exe_flags={use_rd=1, use_rs1=1, use_rs2=0, use_imm=1, is_load=0, is_store=0, is_csr=0, is_exit=0, alu_s1_inv=0, alu_s1_rs1=0, alu_s1_PC=0, alu_s2_imm=1} (#110)
TRACE        111: Forwarding: x6, data=0x800001fc from EX (#110)
TRACE        111: IF: instr=0x19, PC=0x80000204 (#111)
TRACE        112: WB: (#108)
TRACE        112: MEM: result=0x800001fc (#109)
TRACE        112: EX: result=0x80000210 (#110)
TRACE        112: ID: ADDI x0, x0, 0x0, alu_op=ADD, br_op=NONE, exe_flags={use_rd=1, use_rs1=1, use_rs2=0, use_imm=1, is_load=0, is_store=0, is_csr=0, is_exit=0, alu_s1_inv=0, alu_s1_rs1=0, alu_s1_PC=0, alu_s2_imm=1} (#111)
TRACE        112: IF: instr=0x198375, PC=0x80000208 (#112)
TRACE        113: WB: (#109)
TRACE        113: MEM: result=0x80000210 (#110)
TRACE        113: EX: result=0x0 (#111)
TRACE        113: ID: JALR x13, x6, 0x0, alu_op=ADD, br_op=JALR, exe_flags={use_rd=1, use_rs1=1, use_rs2=0, use_imm=1, is_load=0, is_store=0, is_csr=0, is_exit=0, alu_s1_inv=0, alu_s1_rs1=0, alu_s1_PC=0, alu_s2_imm=1} (#112)
TRACE        113: Forwarding: x6, data=0x80000210 from MEM (#112)
TRACE        113: IF: instr=0x103815779, PC=0x8000020c (#113)
TRACE        114: WB: (#110)
TRACE        114: MEM: result=0x0 (#111)
TRACE        114: *** Branch misprediction: (#112)
TRACE        114: Branch: taken, target=0x80000210 (#112)
TRACE        114: EX: result=0x8000020c (#112)
TRACE        114: IF: instr=0x1180179, PC=0x80000210 (#114)
TRACE        115: WB: (#111)
TRACE        115: MEM: result=0x8000020c (#112)
TRACE        115: ID: ADDI x4, x4, 0x1, alu_op=ADD, br_op=NONE, exe_flags={use_rd=1, use_rs1=1, use_rs2=0, use_imm=1, is_load=0, is_store=0, is_csr=0, is_exit=0, alu_s1_inv=0, alu_s1_rs1=0, alu_s1_PC=0, alu_s2_imm=1} (#114)
TRACE        115: Regfile: addr=4, data=0x0 (#114)
TRACE        115: IF: instr=0x2097811, PC=0x80000214 (#115)
TRACE        116: WB: (#112)
TRACE        116: EX: result=0x1 (#114)
TRACE        116: ID: ADDI x5, x0, 0x2, alu_op=ADD, br_op=NONE, exe_flags={use_rd=1, use_rs1=1, use_rs2=0, use_imm=1, is_load=0, is_store=0, is_csr=0, is_exit=0, alu_s1_inv=0, alu_s1_rs1=0, alu_s1_PC=0, alu_s2_imm=1} (#115)
TRACE        116: IF: instr=0x4266791651, PC=0x80000218 (#116)
TRACE        117: MEM: result=0x1 (#114)
TRACE        117: EX: result=0x2 (#115)
TRACE        117: ID: BNE x4, x5, 0xffffffe4, alu_op=ADD, br_op=BNE, exe_flags={use_rd=0, use_rs1=1, use_rs2=1, use_imm=1, is_load=0, is_store=0, is_csr=0, is_exit=0, alu_s1_inv=0, alu_s1_rs1=0, alu_s1_PC=1, alu_s2_imm=1} (#116)
TRACE        117: Forwarding: x4, data=0x1 from MEM (#116)
TRACE        117: Forwarding: x5, data=0x2 from EX (#116)
TRACE        117: IF: instr=0x6291859, PC=0x8000021c (#117)
TRACE        118: WB: (#114)
TRACE        118: MEM: result=0x2 (#115)
TRACE        118: *** Branch misprediction: (#116)
TRACE        118: Branch: taken, target=0x800001fc (#116)
TRACE        118: EX: result=0x800001fc (#116)
TRACE        118: IF: instr=0x791, PC=0x800001fc (#118)
TRACE        119: WB: (#115)
TRACE        119: MEM: result=0x800001fc (#116)
TRACE        119: ID: AUIPC x6, 0x0, alu_op=ADD, br_op=NONE, exe_flags={use_rd=1, use_rs1=0, use_rs2=0, use_imm=1, is_load=0, is_store=0, is_csr=0, is_exit=0, alu_s1_inv=0, alu_s1_rs1=0, alu_s1_PC=1, alu_s2_imm=1} (#118)
TRACE        119: IF: instr=0x21168915, PC=0x80000200 (#119)
TRACE        120: WB: (#116)
TRACE        120: EX: result=0x800001fc (#118)
TRACE        120: ID: ADDI x6, x6, 0x14, alu_op=ADD, br_op=NONE, exe_flags={use_rd=1, use_rs1=1, use_rs2=0, use_imm=1, is_load=0, is_store=0, is_csr=0, is_exit=0, alu_s1_inv=0, alu_s1_rs1=0, alu_s1_PC=0, alu_s2_imm=1} (#119)
TRACE        120: Forwarding: x6, data=0x800001fc from EX (#119)
TRACE        120: IF: instr=0x19, PC=0x80000204 (#120)
TRACE        121: MEM: result=0x800001fc (#118)
TRACE        121: EX: result=0x80000210 (#119)
TRACE        121: ID: ADDI x0, x0, 0x0, alu_op=ADD, br_op=NONE, exe_flags={use_rd=1, use_rs1=1, use_rs2=0, use_imm=1, is_load=0, is_store=0, is_csr=0, is_exit=0, alu_s1_inv=0, alu_s1_rs1=0, alu_s1_PC=0, alu_s2_imm=1} (#120)
TRACE        121: IF: instr=0x198375, PC=0x80000208 (#121)
TRACE        122: WB: (#118)
TRACE        122: MEM: result=0x80000210 (#119)
TRACE        122: EX: result=0x0 (#120)
TRACE        122: ID: JALR x13, x6, 0x0, alu_op=ADD, br_op=JALR, exe_flags={use_rd=1, use_rs1=1, use_rs2=0, use_imm=1, is_load=0, is_store=0, is_csr=0, is_exit=0, alu_s1_inv=0, alu_s1_rs1=0, alu_s1_PC=0, alu_s2_imm=1} (#121)
TRACE        122: Forwarding: x6, data=0x80000210 from MEM (#121)
TRACE        122: IF: instr=0x103815779, PC=0x8000020c (#122)
TRACE        123: WB: (#119)
TRACE        123: MEM: result=0x0 (#120)
TRACE        123: *** Branch misprediction: (#121)
TRACE        123: Branch: taken, target=0x80000210 (#121)
TRACE        123: EX: result=0x8000020c (#121)
TRACE        123: IF: instr=0x1180179, PC=0x80000210 (#123)
TRACE        124: WB: (#120)
TRACE        124: MEM: result=0x8000020c (#121)
TRACE        124: ID: ADDI x4, x4, 0x1, alu_op=ADD, br_op=NONE, exe_flags={use_rd=1, use_rs1=1, use_rs2=0, use_imm=1, is_load=0, is_store=0, is_csr=0, is_exit=0, alu_s1_inv=0, alu_s1_rs1=0, alu_s1_PC=0, alu_s2_imm=1} (#123)
TRACE        124: Regfile: addr=4, data=0x1 (#123)
TRACE        124: IF: instr=0x2097811, PC=0x80000214 (#124)
TRACE        125: WB: (#121)
TRACE        125: EX: result=0x2 (#123)
TRACE        125: ID: ADDI x5, x0, 0x2, alu_op=ADD, br_op=NONE, exe_flags={use_rd=1, use_rs1=1, use_rs2=0, use_imm=1, is_load=0, is_store=0, is_csr=0, is_exit=0, alu_s1_inv=0, alu_s1_rs1=0, alu_s1_PC=0, alu_s2_imm=1} (#124)
TRACE        125: IF: instr=0x4266791651, PC=0x80000218 (#125)
TRACE        126: MEM: result=0x2 (#123)
TRACE        126: EX: result=0x2 (#124)
TRACE        126: ID: BNE x4, x5, 0xffffffe4, alu_op=ADD, br_op=BNE, exe_flags={use_rd=0, use_rs1=1, use_rs2=1, use_imm=1, is_load=0, is_store=0, is_csr=0, is_exit=0, alu_s1_inv=0, alu_s1_rs1=0, alu_s1_PC=1, alu_s2_imm=1} (#125)
TRACE        126: Forwarding: x4, data=0x2 from MEM (#125)
TRACE        126: Forwarding: x5, data=0x2 from EX (#125)
TRACE        126: IF: instr=0x6291859, PC=0x8000021c (#126)
TRACE        127: WB: (#123)
TRACE        127: MEM: result=0x2 (#124)
TRACE        127: Branch: not-taken, target=0x800001fc (#125)
TRACE        127: EX: result=0x800001fc (#125)
TRACE        127: ID: ADDI x3, x0, 0x6, alu_op=ADD, br_op=NONE, exe_flags={use_rd=1, use_rs1=1, use_rs2=0, use_imm=1, is_load=0, is_store=0, is_csr=0, is_exit=0, alu_s1_inv=0, alu_s1_rs1=0, alu_s1_PC=0, alu_s2_imm=1} (#126)
TRACE        127: IF: instr=0x531, PC=0x80000220 (#127)
TRACE        128: WB: (#124)
TRACE        128: MEM: result=0x800001fc (#125)
TRACE        128: EX: result=0x6 (#126)
TRACE        128: ID: ADDI x4, x0, 0x0, alu_op=ADD, br_op=NONE, exe_flags={use_rd=1, use_rs1=1, use_rs2=0, use_imm=1, is_load=0, is_store=0, is_csr=0, is_exit=0, alu_s1_inv=0, alu_s1_rs1=0, alu_s1_PC=0, alu_s2_imm=1} (#127)
TRACE        128: IF: instr=0x791, PC=0x80000224 (#128)
TRACE        129: WB: (#125)
TRACE        129: MEM: result=0x6 (#126)
TRACE        129: EX: result=0x0 (#127)
TRACE        129: ID: AUIPC x6, 0x0, alu_op=ADD, br_op=NONE, exe_flags={use_rd=1, use_rs1=0, use_rs2=0, use_imm=1, is_load=0, is_store=0, is_csr=0, is_exit=0, alu_s1_inv=0, alu_s1_rs1=0, alu_s1_PC=1, alu_s2_imm=1} (#128)
TRACE        129: IF: instr=0x25363219, PC=0x80000228 (#129)
TRACE        130: WB: (#126)
TRACE        130: MEM: result=0x0 (#127)
TRACE        130: EX: result=0x80000224 (#128)
TRACE        130: ID: ADDI x6, x6, 0x18, alu_op=ADD, br_op=NONE, exe_flags={use_rd=1, use_rs1=1, use_rs2=0, use_imm=1, is_load=0, is_store=0, is_csr=0, is_exit=0, alu_s1_inv=0, alu_s1_rs1=0, alu_s1_PC=0, alu_s2_imm=1} (#129)
TRACE        130: Forwarding: x6, data=0x80000224 from EX (#129)
TRACE        130: IF: instr=0x19, PC=0x8000022c (#130)
TRACE        131: WB: (#127)
TRACE        131: MEM: result=0x80000224 (#128)
TRACE        131: EX: result=0x8000023c (#129)
TRACE        131: ID: ADDI x0, x0, 0x0, alu_op=ADD, br_op=NONE, exe_flags={use_rd=1, use_rs1=1, use_rs2=0, use_imm=1, is_load=0, is_store=0, is_csr=0, is_exit=0, alu_s1_inv=0, alu_s1_rs1=0, alu_s1_PC=0, alu_s2_imm=1} (#130)
TRACE        131: IF: instr=0x19, PC=0x80000230 (#131)
TRACE        132: WB: (#128)
TRACE        132: MEM: result=0x8000023c (#129)
TRACE        132: EX: result=0x0 (#130)
TRACE        132: ID: ADDI x0, x0, 0x0, alu_op=ADD, br_op=NONE, exe_flags={use_rd=1, use_rs1=1, use_rs2=0, use_imm=1, is_load=0, is_store=0, is_csr=0, is_exit=0, alu_s1_inv=0, alu_s1_rs1=0, alu_s1_PC=0, alu_s2_imm=1} (#131)
TRACE        132: IF: instr=0x198375, PC=0x80000234 (#132)
TRACE        133: WB: (#129)
TRACE        133: MEM: result=0x0 (#130)
TRACE        133: EX: result=0x0 (#131)
TRACE        133: ID: JALR x13, x6, 0x0, alu_op=ADD, br_op=JALR, exe_flags={use_rd=1, use_rs1=1, use_rs2=0, use_imm=1, is_load=0, is_store=0, is_csr=0, is_exit=0, alu_s1_inv=0, alu_s1_rs1=0, alu_s1_PC=0, alu_s2_imm=1} (#132)
TRACE        133: Regfile: addr=6, data=0x8000023c (#132)
TRACE        133: IF: instr=0x70259811, PC=0x80000238 (#133)
TRACE        134: WB: (#130)
TRACE        134: MEM: result=0x0 (#131)
TRACE        134: *** Branch misprediction: (#132)
TRACE        134: Branch: taken, target=0x8000023c (#132)
TRACE        134: EX: result=0x80000238 (#132)
TRACE        134: IF: instr=0x1180179, PC=0x8000023c (#134)
TRACE        135: WB: (#131)
TRACE        135: MEM: result=0x80000238 (#132)
TRACE        135: ID: ADDI x4, x4, 0x1, alu_op=ADD, br_op=NONE, exe_flags={use_rd=1, use_rs1=1, use_rs2=0, use_imm=1, is_load=0, is_store=0, is_csr=0, is_exit=0, alu_s1_inv=0, alu_s1_rs1=0, alu_s1_PC=0, alu_s2_imm=1} (#134)
TRACE        135: Regfile: addr=4, data=0x0 (#134)
TRACE        135: IF: instr=0x2097811, PC=0x80000240 (#135)
TRACE        136: WB: (#132)
TRACE        136: EX: result=0x1 (#134)
TRACE        136: ID: ADDI x5, x0, 0x2, alu_op=ADD, br_op=NONE, exe_flags={use_rd=1, use_rs1=1, use_rs2=0, use_imm=1, is_load=0, is_store=0, is_csr=0, is_exit=0, alu_s1_inv=0, alu_s1_rs1=0, alu_s1_PC=0, alu_s2_imm=1} (#135)
TRACE        136: IF: instr=0x4266791139, PC=0x80000244 (#136)
TRACE        137: MEM: result=0x1 (#134)
TRACE        137: EX: result=0x2 (#135)
TRACE        137: ID: BNE x4, x5, 0xffffffe0, alu_op=ADD, br_op=BNE, exe_flags={use_rd=0, use_rs1=1, use_rs2=1, use_imm=1, is_load=0, is_store=0, is_csr=0, is_exit=0, alu_s1_inv=0, alu_s1_rs1=0, alu_s1_PC=1, alu_s2_imm=1} (#136)
TRACE        137: Forwarding: x4, data=0x1 from MEM (#136)
TRACE        137: Forwarding: x5, data=0x2 from EX (#136)
TRACE        137: IF: instr=0x7340435, PC=0x80000248 (#137)
TRACE        138: WB: (#134)
TRACE        138: MEM: result=0x2 (#135)
TRACE        138: *** Branch misprediction: (#136)
TRACE        138: Branch: taken, target=0x80000224 (#136)
TRACE        138: EX: result=0x80000224 (#136)
TRACE        138: IF: instr=0x791, PC=0x80000224 (#138)
TRACE        139: WB: (#135)
TRACE        139: MEM: result=0x80000224 (#136)
TRACE        139: ID: AUIPC x6, 0x0, alu_op=ADD, br_op=NONE, exe_flags={use_rd=1, use_rs1=0, use_rs2=0, use_imm=1, is_load=0, is_store=0, is_csr=0, is_exit=0, alu_s1_inv=0, alu_s1_rs1=0, alu_s1_PC=1, alu_s2_imm=1} (#138)
TRACE        139: IF: instr=0x25363219, PC=0x80000228 (#139)
TRACE        140: WB: (#136)
TRACE        140: EX: result=0x80000224 (#138)
TRACE        140: ID: ADDI x6, x6, 0x18, alu_op=ADD, br_op=NONE, exe_flags={use_rd=1, use_rs1=1, use_rs2=0, use_imm=1, is_load=0, is_store=0, is_csr=0, is_exit=0, alu_s1_inv=0, alu_s1_rs1=0, alu_s1_PC=0, alu_s2_imm=1} (#139)
TRACE        140: Forwarding: x6, data=0x80000224 from EX (#139)
TRACE        140: IF: instr=0x19, PC=0x8000022c (#140)
TRACE        141: MEM: result=0x80000224 (#138)
TRACE        141: EX: result=0x8000023c (#139)
TRACE        141: ID: ADDI x0, x0, 0x0, alu_op=ADD, br_op=NONE, exe_flags={use_rd=1, use_rs1=1, use_rs2=0, use_imm=1, is_load=0, is_store=0, is_csr=0, is_exit=0, alu_s1_inv=0, alu_s1_rs1=0, alu_s1_PC=0, alu_s2_imm=1} (#140)
TRACE        141: IF: instr=0x19, PC=0x80000230 (#141)
TRACE        142: WB: (#138)
TRACE        142: MEM: result=0x8000023c (#139)
TRACE        142: EX: result=0x0 (#140)
TRACE        142: ID: ADDI x0, x0, 0x0, alu_op=ADD, br_op=NONE, exe_flags={use_rd=1, use_rs1=1, use_rs2=0, use_imm=1, is_load=0, is_store=0, is_csr=0, is_exit=0, alu_s1_inv=0, alu_s1_rs1=0, alu_s1_PC=0, alu_s2_imm=1} (#141)
TRACE        142: IF: instr=0x198375, PC=0x80000234 (#142)
TRACE        143: WB: (#139)
TRACE        143: MEM: result=0x0 (#140)
TRACE        143: EX: result=0x0 (#141)
TRACE        143: ID: JALR x13, x6, 0x0, alu_op=ADD, br_op=JALR, exe_flags={use_rd=1, use_rs1=1, use_rs2=0, use_imm=1, is_load=0, is_store=0, is_csr=0, is_exit=0, alu_s1_inv=0, alu_s1_rs1=0, alu_s1_PC=0, alu_s2_imm=1} (#142)
TRACE        143: Regfile: addr=6, data=0x8000023c (#142)
TRACE        143: IF: instr=0x70259811, PC=0x80000238 (#143)
TRACE        144: WB: (#140)
TRACE        144: MEM: result=0x0 (#141)
TRACE        144: *** Branch misprediction: (#142)
TRACE        144: Branch: taken, target=0x8000023c (#142)
TRACE        144: EX: result=0x80000238 (#142)
TRACE        144: IF: instr=0x1180179, PC=0x8000023c (#144)
TRACE        145: WB: (#141)
TRACE        145: MEM: result=0x80000238 (#142)
TRACE        145: ID: ADDI x4, x4, 0x1, alu_op=ADD, br_op=NONE, exe_flags={use_rd=1, use_rs1=1, use_rs2=0, use_imm=1, is_load=0, is_store=0, is_csr=0, is_exit=0, alu_s1_inv=0, alu_s1_rs1=0, alu_s1_PC=0, alu_s2_imm=1} (#144)
TRACE        145: Regfile: addr=4, data=0x1 (#144)
TRACE        145: IF: instr=0x2097811, PC=0x80000240 (#145)
TRACE        146: WB: (#142)
TRACE        146: EX: result=0x2 (#144)
TRACE        146: ID: ADDI x5, x0, 0x2, alu_op=ADD, br_op=NONE, exe_flags={use_rd=1, use_rs1=1, use_rs2=0, use_imm=1, is_load=0, is_store=0, is_csr=0, is_exit=0, alu_s1_inv=0, alu_s1_rs1=0, alu_s1_PC=0, alu_s2_imm=1} (#145)
TRACE        146: IF: instr=0x4266791139, PC=0x80000244 (#146)
TRACE        147: MEM: result=0x2 (#144)
TRACE        147: EX: result=0x2 (#145)
TRACE        147: ID: BNE x4, x5, 0xffffffe0, alu_op=ADD, br_op=BNE, exe_flags={use_rd=0, use_rs1=1, use_rs2=1, use_imm=1, is_load=0, is_store=0, is_csr=0, is_exit=0, alu_s1_inv=0, alu_s1_rs1=0, alu_s1_PC=1, alu_s2_imm=1} (#146)
TRACE        147: Forwarding: x4, data=0x2 from MEM (#146)
TRACE        147: Forwarding: x5, data=0x2 from EX (#146)
TRACE        147: IF: instr=0x7340435, PC=0x80000248 (#147)
TRACE        148: WB: (#144)
TRACE        148: MEM: result=0x2 (#145)
TRACE        148: Branch: not-taken, target=0x80000224 (#146)
TRACE        148: EX: result=0x80000224 (#146)
TRACE        148: ID: ADDI x3, x0, 0x7, alu_op=ADD, br_op=NONE, exe_flags={use_rd=1, use_rs1=1, use_rs2=0, use_imm=1, is_load=0, is_store=0, is_csr=0, is_exit=0, alu_s1_inv=0, alu_s1_rs1=0, alu_s1_PC=0, alu_s2_imm=1} (#147)
TRACE        148: IF: instr=0x1049235, PC=0x8000024c (#148)
TRACE        149: WB: (#145)
TRACE        149: MEM: result=0x80000224 (#146)
TRACE        149: EX: result=0x7 (#147)
TRACE        149: ID: ADDI x5, x0, 0x1, alu_op=ADD, br_op=NONE, exe_flags={use_rd=1, use_rs1=1, use_rs2=0, use_imm=1, is_load=0, is_store=0, is_csr=0, is_exit=0, alu_s1_inv=0, alu_s1_rs1=0, alu_s1_PC=0, alu_s2_imm=1} (#148)
TRACE        149: IF: instr=0x791, PC=0x80000250 (#149)
TRACE        150: WB: (#146)
TRACE        150: MEM: result=0x7 (#147)
TRACE        150: EX: result=0x1 (#148)
TRACE        150: ID: AUIPC x6, 0x0, alu_op=ADD, br_op=NONE, exe_flags={use_rd=1, use_rs1=0, use_rs2=0, use_imm=1, is_load=0, is_store=0, is_csr=0, is_exit=0, alu_s1_inv=0, alu_s1_rs1=0, alu_s1_PC=1, alu_s2_imm=1} (#149)
TRACE        150: IF: instr=0x29557523, PC=0x80000254 (#150)
TRACE        151: WB: (#147)
TRACE        151: MEM: result=0x1 (#148)
TRACE        151: EX: result=0x80000250 (#149)
TRACE        151: ID: ADDI x6, x6, 0x1c, alu_op=ADD, br_op=NONE, exe_flags={use_rd=1, use_rs1=1, use_rs2=0, use_imm=1, is_load=0, is_store=0, is_csr=0, is_exit=0, alu_s1_inv=0, alu_s1_rs1=0, alu_s1_PC=0, alu_s2_imm=1} (#150)
TRACE        151: Forwarding: x6, data=0x80000250 from EX (#150)
TRACE        151: IF: instr=0x4290969703, PC=0x80000258 (#151)
TRACE        152: WB: (#148)
TRACE        152: MEM: result=0x80000250 (#149)
TRACE        152: EX: result=0x8000026c (#150)
TRACE        152: ID: JALR x0, x6, 0xfffffffc, alu_op=ADD, br_op=JALR, exe_flags={use_rd=1, use_rs1=1, use_rs2=0, use_imm=1, is_load=0, is_store=0, is_csr=0, is_exit=0, alu_s1_inv=0, alu_s1_rs1=0, alu_s1_PC=0, alu_s2_imm=1} (#151)
TRACE        152: Forwarding: x6, data=0x8000026c from EX (#151)
TRACE        152: IF: instr=0x1213075, PC=0x8000025c (#152)
TRACE        153: WB: (#149)
TRACE        153: MEM: result=0x8000026c (#150)
TRACE        153: *** Branch misprediction: (#151)
TRACE        153: Branch: taken, target=0x80000268 (#151)
TRACE        153: EX: result=0x8000025c (#151)
TRACE        153: IF: instr=0x1213075, PC=0x80000268 (#153)
TRACE        154: WB: (#150)
TRACE        154: MEM: result=0x8000025c (#151)
TRACE        154: ID: ADDI x5, x5, 0x1, alu_op=ADD, br_op=NONE, exe_flags={use_rd=1, use_rs1=1, use_rs2=0, use_imm=1, is_load=0, is_store=0, is_csr=0, is_exit=0, alu_s1_inv=0, alu_s1_rs1=0, alu_s1_PC=0, alu_s2_imm=1} (#153)
TRACE        154: Regfile: addr=5, data=0x1 (#153)
TRACE        154: IF: instr=0x1213075, PC=0x8000026c (#154)
TRACE        155: WB: (#151)
TRACE        155: EX: result=0x2 (#153)
TRACE        155: ID: ADDI x5, x5, 0x1, alu_op=ADD, br_op=NONE, exe_flags={use_rd=1, use_rs1=1, use_rs2=0, use_imm=1, is_load=0, is_store=0, is_csr=0, is_exit=0, alu_s1_inv=0, alu_s1_rs1=0, alu_s1_PC=0, alu_s2_imm=1} (#154)
TRACE        155: Forwarding: x5, data=0x2 from EX (#154)
TRACE        155: IF: instr=0x1213075, PC=0x80000270 (#155)
TRACE        156: MEM: result=0x2 (#153)
TRACE        156: EX: result=0x3 (#154)
TRACE        156: ID: ADDI x5, x5, 0x1, alu_op=ADD, br_op=NONE, exe_flags={use_rd=1, use_rs1=1, use_rs2=0, use_imm=1, is_load=0, is_store=0, is_csr=0, is_exit=0, alu_s1_inv=0, alu_s1_rs1=0, alu_s1_PC=0, alu_s2_imm=1} (#155)
TRACE        156: Forwarding: x5, data=0x3 from EX (#155)
TRACE        156: IF: instr=0x4195219, PC=0x80000274 (#156)
TRACE        157: WB: (#153)
TRACE        157: MEM: result=0x3 (#154)
TRACE        157: EX: result=0x4 (#155)
TRACE        157: ID: ADDI x7, x0, 0x4, alu_op=ADD, br_op=NONE, exe_flags={use_rd=1, use_rs1=1, use_rs2=0, use_imm=1, is_load=0, is_store=0, is_csr=0, is_exit=0, alu_s1_inv=0, alu_s1_rs1=0, alu_s1_PC=0, alu_s2_imm=1} (#156)
TRACE        157: IF: instr=0x7509091, PC=0x80000278 (#157)
TRACE        158: WB: (#154)
TRACE        158: MEM: result=0x4 (#155)
TRACE        158: EX: result=0x4 (#156)
TRACE        158: ID: BNE x5, x7, 0x8, alu_op=ADD, br_op=BNE, exe_flags={use_rd=0, use_rs1=1, use_rs2=1, use_imm=1, is_load=0, is_store=0, is_csr=0, is_exit=0, alu_s1_inv=0, alu_s1_rs1=0, alu_s1_PC=1, alu_s2_imm=1} (#157)
TRACE        158: Forwarding: x5, data=0x4 from MEM (#157)
TRACE        158: Forwarding: x7, data=0x4 from EX (#157)
TRACE        158: IF: instr=0x36704355, PC=0x8000027c (#158)
TRACE        159: WB: (#155)
TRACE        159: MEM: result=0x4 (#156)
TRACE        159: Branch: not-taken, target=0x80000280 (#157)
TRACE        159: EX: result=0x80000280 (#157)
TRACE        159: ID: BNE x0, x3, 0x20, alu_op=ADD, br_op=BNE, exe_flags={use_rd=0, use_rs1=1, use_rs2=1, use_imm=1, is_load=0, is_store=0, is_csr=0, is_exit=0, alu_s1_inv=0, alu_s1_rs1=0, alu_s1_PC=1, alu_s2_imm=1} (#158)
TRACE        159: Regfile: addr=3, data=0x7 (#158)
TRACE        159: IF: instr=0x267386895, PC=0x80000280 (#159)
TRACE        160: WB: (#156)
TRACE        160: MEM: result=0x80000280 (#157)
TRACE        160: *** Branch misprediction: (#158)
TRACE        160: Branch: taken, target=0x8000029c (#158)
TRACE        160: EX: result=0x8000029c (#158)
TRACE        160: IF: instr=0x267386895, PC=0x8000029c (#160)
TRACE        161: WB: (#157)
TRACE        161: MEM: result=0x8000029c (#158)
TRACE        161: ID: FENCE, alu_op=NONE, br_op=NONE, exe_flags={use_rd=0, use_rs1=0, use_rs2=0, use_imm=0, is_load=0, is_store=0, is_csr=0, is_exit=0, alu_s1_inv=0, alu_s1_rs1=0, alu_s1_PC=0, alu_s2_imm=0} (#160)
TRACE        161: IF: instr=0x1048979, PC=0x800002a0 (#161)
TRACE        162: WB: (#158)
TRACE        162: EX: result=0x0 (#160)
TRACE        162: ID: ADDI x3, x0, 0x1, alu_op=ADD, br_op=NONE, exe_flags={use_rd=1, use_rs1=1, use_rs2=0, use_imm=1, is_load=0, is_store=0, is_csr=0, is_exit=0, alu_s1_inv=0, alu_s1_rs1=0, alu_s1_PC=0, alu_s2_imm=1} (#161)
TRACE        162: IF: instr=0x97519763, PC=0x800002a4 (#162)
TRACE        163: MEM: result=0x0 (#160)
TRACE        163: EX: result=0x1 (#161)
TRACE        163: ID: ADDI x17, x0, 0x5d, alu_op=ADD, br_op=NONE, exe_flags={use_rd=1, use_rs1=1, use_rs2=0, use_imm=1, is_load=0, is_store=0, is_csr=0, is_exit=0, alu_s1_inv=0, alu_s1_rs1=0, alu_s1_PC=0, alu_s2_imm=1} (#162)
TRACE        163: IF: instr=0x1299, PC=0x800002a8 (#163)
TRACE        164: WB: (#160)
TRACE        164: MEM: result=0x1 (#161)
TRACE        164: EX: result=0x5d (#162)
TRACE        164: ID: ADDI x10, x0, 0x0, alu_op=ADD, br_op=NONE, exe_flags={use_rd=1, use_rs1=1, use_rs2=0, use_imm=1, is_load=0, is_store=0, is_csr=0, is_exit=0, alu_s1_inv=0, alu_s1_rs1=0, alu_s1_PC=0, alu_s2_imm=1} (#163)
TRACE        164: IF: instr=0x115, PC=0x800002ac (#164)
TRACE        165: WB: (#161)
TRACE        165: MEM: result=0x5d (#162)
TRACE        165: EX: result=0x0 (#163)
TRACE        165: ID: ECALL 0x0, alu_op=ADD, br_op=NONE, exe_flags={use_rd=0, use_rs1=0, use_rs2=0, use_imm=1, is_load=0, is_store=0, is_csr=0, is_exit=1, alu_s1_inv=0, alu_s1_rs1=0, alu_s1_PC=0, alu_s2_imm=0} (#164)
TRACE        166: WB: (#162)
TRACE        166: MEM: result=0x0 (#163)
TRACE        166: EX: result=0x0 (#164)
TRACE        167: WB: (#163)
TRACE        167: MEM: result=0x0 (#164)
TRACE        168: WB: (#164)
PASSED!
PERF: instrs=150, cycles=169
